This is pdfTeX, Version 3.14159265-2.6-1.40.16 (TeX Live 2015) (preloaded format=pdflatex 2015.5.24)  9 APR 2021 10:59
entering extended mode
 restricted \write18 enabled.
 file:line:error style messages enabled.
 %&-line parsing enabled.
**PDT_items_contact_sheet.tex
(./PDT_items_contact_sheet.tex
LaTeX2e <2015/01/01>
Babel <3.9l> and hyphenation patterns for 79 languages loaded.
(/usr/local/texlive/2015/texmf-dist/tex/latex/base/article.cls
Document Class: article 2014/09/29 v1.4h Standard LaTeX document class
(/usr/local/texlive/2015/texmf-dist/tex/latex/base/size12.clo
File: size12.clo 2014/09/29 v1.4h Standard LaTeX file (size option)
)
\c@part=\count79
\c@section=\count80
\c@subsection=\count81
\c@subsubsection=\count82
\c@paragraph=\count83
\c@subparagraph=\count84
\c@figure=\count85
\c@table=\count86
\abovecaptionskip=\skip41
\belowcaptionskip=\skip42
\bibindent=\dimen102
)
(/usr/local/texlive/2015/texmf-dist/tex/latex/geometry/geometry.sty
Package: geometry 2010/09/12 v5.6 Page Geometry

(/usr/local/texlive/2015/texmf-dist/tex/latex/graphics/keyval.sty
Package: keyval 2014/10/28 v1.15 key=value parser (DPC)
\KV@toks@=\toks14
)
(/usr/local/texlive/2015/texmf-dist/tex/generic/oberdiek/ifpdf.sty
Package: ifpdf 2011/01/30 v2.3 Provides the ifpdf switch (HO)
Package ifpdf Info: pdfTeX in PDF mode is detected.
)
(/usr/local/texlive/2015/texmf-dist/tex/generic/oberdiek/ifvtex.sty
Package: ifvtex 2010/03/01 v1.5 Detect VTeX and its facilities (HO)
Package ifvtex Info: VTeX not detected.
)
(/usr/local/texlive/2015/texmf-dist/tex/generic/ifxetex/ifxetex.sty
Package: ifxetex 2010/09/12 v0.6 Provides ifxetex conditional
)
\Gm@cnth=\count87
\Gm@cntv=\count88
\c@Gm@tempcnt=\count89
\Gm@bindingoffset=\dimen103
\Gm@wd@mp=\dimen104
\Gm@odd@mp=\dimen105
\Gm@even@mp=\dimen106
\Gm@layoutwidth=\dimen107
\Gm@layoutheight=\dimen108
\Gm@layouthoffset=\dimen109
\Gm@layoutvoffset=\dimen110
\Gm@dimlist=\toks15
)
(/usr/local/texlive/2015/texmf-dist/tex/latex/parskip/parskip.sty
Package: parskip 2001/04/09 non-zero parskip adjustments
)
(/usr/local/texlive/2015/texmf-dist/tex/latex/graphics/graphicx.sty
Package: graphicx 2014/10/28 v1.0g Enhanced LaTeX Graphics (DPC,SPQR)

(/usr/local/texlive/2015/texmf-dist/tex/latex/graphics/graphics.sty
Package: graphics 2014/10/28 v1.0p Standard LaTeX Graphics (DPC,SPQR)

(/usr/local/texlive/2015/texmf-dist/tex/latex/graphics/trig.sty
Package: trig 1999/03/16 v1.09 sin cos tan (DPC)
)
(/usr/local/texlive/2015/texmf-dist/tex/latex/latexconfig/graphics.cfg
File: graphics.cfg 2010/04/23 v1.9 graphics configuration of TeX Live
)
Package graphics Info: Driver file: pdftex.def on input line 94.

(/usr/local/texlive/2015/texmf-dist/tex/latex/pdftex-def/pdftex.def
File: pdftex.def 2011/05/27 v0.06d Graphics/color for pdfTeX

(/usr/local/texlive/2015/texmf-dist/tex/generic/oberdiek/infwarerr.sty
Package: infwarerr 2010/04/08 v1.3 Providing info/warning/error messages (HO)
)
(/usr/local/texlive/2015/texmf-dist/tex/generic/oberdiek/ltxcmds.sty
Package: ltxcmds 2011/11/09 v1.22 LaTeX kernel commands for general use (HO)
)
\Gread@gobject=\count90
))
\Gin@req@height=\dimen111
\Gin@req@width=\dimen112
)
(/usr/local/texlive/2015/texmf-dist/tex/latex/natbib/natbib.sty
Package: natbib 2010/09/13 8.31b (PWD, AO)
\bibhang=\skip43
\bibsep=\skip44
LaTeX Info: Redefining \cite on input line 694.
\c@NAT@ctr=\count91
)
(/usr/local/texlive/2015/texmf-dist/tex/latex/url/url.sty
\Urlmuskip=\muskip10
Package: url 2013/09/16  ver 3.4  Verb mode for urls, etc.
)
(/usr/local/texlive/2015/texmf-dist/tex/latex/graphics/color.sty
Package: color 2014/10/28 v1.1a Standard LaTeX Color (DPC)

(/usr/local/texlive/2015/texmf-dist/tex/latex/latexconfig/color.cfg
File: color.cfg 2007/01/18 v1.5 color configuration of teTeX/TeXLive
)
Package color Info: Driver file: pdftex.def on input line 142.
)
(/usr/local/texlive/2015/texmf-dist/tex/latex/soul/soul.sty
Package: soul 2003/11/17 v2.4 letterspacing/underlining (mf)
\SOUL@word=\toks16
\SOUL@lasttoken=\toks17
\SOUL@cmds=\toks18
\SOUL@buffer=\toks19
\SOUL@token=\toks20
\SOUL@spaceskip=\skip45
\SOUL@ttwidth=\dimen113
\SOUL@uldp=\dimen114
\SOUL@ulht=\dimen115
)
(/usr/local/texlive/2015/texmf-dist/tex/latex/multirow/multirow.sty
\bigstrutjot=\dimen116
)
(/usr/local/texlive/2015/texmf-dist/tex/latex/fancyhdr/fancyhdr.sty
\fancy@headwidth=\skip46
\f@ncyO@elh=\skip47
\f@ncyO@erh=\skip48
\f@ncyO@olh=\skip49
\f@ncyO@orh=\skip50
\f@ncyO@elf=\skip51
\f@ncyO@erf=\skip52
\f@ncyO@olf=\skip53
\f@ncyO@orf=\skip54
)
(./PDT_items_contact_sheet.aux)
\openout1 = `PDT_items_contact_sheet.aux'.

LaTeX Font Info:    Checking defaults for OML/cmm/m/it on input line 39.
LaTeX Font Info:    ... okay on input line 39.
LaTeX Font Info:    Checking defaults for T1/cmr/m/n on input line 39.
LaTeX Font Info:    ... okay on input line 39.
LaTeX Font Info:    Checking defaults for OT1/cmr/m/n on input line 39.
LaTeX Font Info:    ... okay on input line 39.
LaTeX Font Info:    Checking defaults for OMS/cmsy/m/n on input line 39.
LaTeX Font Info:    ... okay on input line 39.
LaTeX Font Info:    Checking defaults for OMX/cmex/m/n on input line 39.
LaTeX Font Info:    ... okay on input line 39.
LaTeX Font Info:    Checking defaults for U/cmr/m/n on input line 39.
LaTeX Font Info:    ... okay on input line 39.

*geometry* driver: auto-detecting
*geometry* detected driver: pdftex
*geometry* verbose mode - [ preamble ] result:
* driver: pdftex
* paper: letterpaper
* layout: <same size as paper>
* layoutoffset:(h,v)=(0.0pt,0.0pt)
* modes: 
* h-part:(L,W,R)=(28.90755pt, 556.4799pt, 28.90755pt)
* v-part:(T,H,B)=(50.58878pt, 693.79243pt, 50.58878pt)
* \paperwidth=614.295pt
* \paperheight=794.96999pt
* \textwidth=556.4799pt
* \textheight=693.79243pt
* \oddsidemargin=-43.36244pt
* \evensidemargin=-43.36244pt
* \topmargin=-58.68121pt
* \headheight=12.0pt
* \headsep=25.0pt
* \topskip=12.0pt
* \footskip=30.0pt
* \marginparwidth=44.0pt
* \marginparsep=10.0pt
* \columnsep=10.0pt
* \skip\footins=10.8pt plus 4.0pt minus 2.0pt
* \hoffset=0.0pt
* \voffset=0.0pt
* \mag=1000
* \@twocolumnfalse
* \@twosidefalse
* \@mparswitchfalse
* \@reversemarginfalse
* (1in=72.27pt=25.4mm, 1cm=28.453pt)

(/usr/local/texlive/2015/texmf-dist/tex/context/base/supp-pdf.mkii
[Loading MPS to PDF converter (version 2006.09.02).]
\scratchcounter=\count92
\scratchdimen=\dimen117
\scratchbox=\box26
\nofMPsegments=\count93
\nofMParguments=\count94
\everyMPshowfont=\toks21
\MPscratchCnt=\count95
\MPscratchDim=\dimen118
\MPnumerator=\count96
\makeMPintoPDFobject=\count97
\everyMPtoPDFconversion=\toks22
) (/usr/local/texlive/2015/texmf-dist/tex/generic/oberdiek/pdftexcmds.sty
Package: pdftexcmds 2011/11/29 v0.20 Utility functions of pdfTeX for LuaTeX (HO
)

(/usr/local/texlive/2015/texmf-dist/tex/generic/oberdiek/ifluatex.sty
Package: ifluatex 2010/03/01 v1.3 Provides the ifluatex switch (HO)
Package ifluatex Info: LuaTeX not detected.
)
Package pdftexcmds Info: LuaTeX not detected.
Package pdftexcmds Info: \pdf@primitive is available.
Package pdftexcmds Info: \pdf@ifprimitive is available.
Package pdftexcmds Info: \pdfdraftmode found.
)
(/usr/local/texlive/2015/texmf-dist/tex/latex/oberdiek/epstopdf-base.sty
Package: epstopdf-base 2010/02/09 v2.5 Base part for package epstopdf

(/usr/local/texlive/2015/texmf-dist/tex/latex/oberdiek/grfext.sty
Package: grfext 2010/08/19 v1.1 Manage graphics extensions (HO)

(/usr/local/texlive/2015/texmf-dist/tex/generic/oberdiek/kvdefinekeys.sty
Package: kvdefinekeys 2011/04/07 v1.3 Define keys (HO)
))
(/usr/local/texlive/2015/texmf-dist/tex/latex/oberdiek/kvoptions.sty
Package: kvoptions 2011/06/30 v3.11 Key value format for package options (HO)

(/usr/local/texlive/2015/texmf-dist/tex/generic/oberdiek/kvsetkeys.sty
Package: kvsetkeys 2012/04/25 v1.16 Key value parser (HO)

(/usr/local/texlive/2015/texmf-dist/tex/generic/oberdiek/etexcmds.sty
Package: etexcmds 2011/02/16 v1.5 Avoid name clashes with e-TeX commands (HO)
Package etexcmds Info: Could not find \expanded.
(etexcmds)             That can mean that you are not using pdfTeX 1.50 or
(etexcmds)             that some package has redefined \expanded.
(etexcmds)             In the latter case, load this package earlier.
)))
Package grfext Info: Graphics extension search list:
(grfext)             [.png,.pdf,.jpg,.mps,.jpeg,.jbig2,.jb2,.PNG,.PDF,.JPG,.JPE
G,.JBIG2,.JB2,.eps]
(grfext)             \AppendGraphicsExtensions on input line 452.

(/usr/local/texlive/2015/texmf-dist/tex/latex/latexconfig/epstopdf-sys.cfg
File: epstopdf-sys.cfg 2010/07/13 v1.3 Configuration of (r)epstopdf for TeX Liv
e
))
LaTeX Font Info:    External font `cmex10' loaded for size
(Font)              <12> on input line 43.
LaTeX Font Info:    External font `cmex10' loaded for size
(Font)              <8> on input line 43.
LaTeX Font Info:    External font `cmex10' loaded for size
(Font)              <6> on input line 43.

<square/I01.jpg, id=1, 198.7425pt x 198.7425pt>
File: square/I01.jpg Graphic file (type jpg)
 <use square/I01.jpg>
Package pdftex.def Info: square/I01.jpg used on input line 46.
(pdftex.def)             Requested size: 72.3451pt x 72.34782pt.

<figures/I02.jpg, id=2, 569.12625pt x 602.25pt>
File: figures/I02.jpg Graphic file (type jpg)
 <use figures/I02.jpg>
Package pdftex.def Info: figures/I02.jpg used on input line 46.
(pdftex.def)             Requested size: 72.3451pt x 76.54922pt.

<square/I03.jpg, id=3, 198.7425pt x 198.7425pt>
File: square/I03.jpg Graphic file (type jpg)
 <use square/I03.jpg>
Package pdftex.def Info: square/I03.jpg used on input line 46.
(pdftex.def)             Requested size: 72.3451pt x 72.34782pt.

<square/I04.jpg, id=4, 197.73875pt x 197.73875pt>
File: square/I04.jpg Graphic file (type jpg)
 <use square/I04.jpg>
Package pdftex.def Info: square/I04.jpg used on input line 46.
(pdftex.def)             Requested size: 72.3451pt x 72.34451pt.

<square/I05.jpg, id=5, 197.73875pt x 198.7425pt>
File: square/I05.jpg Graphic file (type jpg)
 <use square/I05.jpg>
Package pdftex.def Info: square/I05.jpg used on input line 46.
(pdftex.def)             Requested size: 72.3451pt x 72.71175pt.

<square/I06.jpg, id=6, 198.7425pt x 198.7425pt>
File: square/I06.jpg Graphic file (type jpg)
 <use square/I06.jpg>
Package pdftex.def Info: square/I06.jpg used on input line 50.
(pdftex.def)             Requested size: 72.3451pt x 72.34782pt.

<square/I07.jpg, id=7, 198.7425pt x 198.7425pt>
File: square/I07.jpg Graphic file (type jpg)
 <use square/I07.jpg>
Package pdftex.def Info: square/I07.jpg used on input line 50.
(pdftex.def)             Requested size: 72.3451pt x 72.34782pt.

<square/I08.jpg, id=8, 198.7425pt x 198.7425pt>
File: square/I08.jpg Graphic file (type jpg)
 <use square/I08.jpg>
Package pdftex.def Info: square/I08.jpg used on input line 50.
(pdftex.def)             Requested size: 72.3451pt x 72.34782pt.

<square/I09.jpg, id=9, 198.7425pt x 198.7425pt>
File: square/I09.jpg Graphic file (type jpg)
 <use square/I09.jpg>
Package pdftex.def Info: square/I09.jpg used on input line 50.
(pdftex.def)             Requested size: 72.3451pt x 72.34782pt.

<square/I10.jpg, id=10, 198.7425pt x 198.7425pt>
File: square/I10.jpg Graphic file (type jpg)
 <use square/I10.jpg>
Package pdftex.def Info: square/I10.jpg used on input line 50.
(pdftex.def)             Requested size: 72.3451pt x 72.34782pt.

<square/I11.jpg, id=11, 198.7425pt x 198.7425pt>
File: square/I11.jpg Graphic file (type jpg)
 <use square/I11.jpg>
Package pdftex.def Info: square/I11.jpg used on input line 54.
(pdftex.def)             Requested size: 72.3451pt x 72.34782pt.

<square/I12.jpg, id=12, 198.7425pt x 198.7425pt>
File: square/I12.jpg Graphic file (type jpg)
 <use square/I12.jpg>
Package pdftex.def Info: square/I12.jpg used on input line 54.
(pdftex.def)             Requested size: 72.3451pt x 72.34782pt.

<square/I13.jpg, id=13, 198.7425pt x 198.7425pt>
File: square/I13.jpg Graphic file (type jpg)
 <use square/I13.jpg>
Package pdftex.def Info: square/I13.jpg used on input line 54.
(pdftex.def)             Requested size: 72.3451pt x 72.34782pt.

<square/I14.jpg, id=14, 198.7425pt x 198.7425pt>
File: square/I14.jpg Graphic file (type jpg)
 <use square/I14.jpg>
Package pdftex.def Info: square/I14.jpg used on input line 54.
(pdftex.def)             Requested size: 72.3451pt x 72.34782pt.

<square/I15.jpg, id=15, 198.7425pt x 198.7425pt>
File: square/I15.jpg Graphic file (type jpg)
 <use square/I15.jpg>
Package pdftex.def Info: square/I15.jpg used on input line 54.
(pdftex.def)             Requested size: 72.3451pt x 72.34782pt.

<square/I16.jpg, id=16, 198.7425pt x 198.7425pt>
File: square/I16.jpg Graphic file (type jpg)
 <use square/I16.jpg>
Package pdftex.def Info: square/I16.jpg used on input line 58.
(pdftex.def)             Requested size: 72.3451pt x 72.34782pt.

<figures/I17.jpg, id=17, 602.25pt x 460.72125pt>
File: figures/I17.jpg Graphic file (type jpg)
 <use figures/I17.jpg>
Package pdftex.def Info: figures/I17.jpg used on input line 58.
(pdftex.def)             Requested size: 72.3451pt x 55.3404pt.

<square/I18.jpg, id=18, 198.7425pt x 198.7425pt>
File: square/I18.jpg Graphic file (type jpg)
 <use square/I18.jpg>
Package pdftex.def Info: square/I18.jpg used on input line 58.
(pdftex.def)             Requested size: 72.3451pt x 72.34782pt.

<square/I19.jpg, id=19, 198.7425pt x 197.73875pt>
File: square/I19.jpg Graphic file (type jpg)
 <use square/I19.jpg>
Package pdftex.def Info: square/I19.jpg used on input line 58.
(pdftex.def)             Requested size: 72.3451pt x 71.98244pt.

<square/I20.jpg, id=20, 198.7425pt x 198.7425pt>
File: square/I20.jpg Graphic file (type jpg)
 <use square/I20.jpg>
Package pdftex.def Info: square/I20.jpg used on input line 58.
(pdftex.def)             Requested size: 72.3451pt x 72.34782pt.

<square/I21.jpg, id=21, 198.7425pt x 198.7425pt>
File: square/I21.jpg Graphic file (type jpg)
 <use square/I21.jpg>
Package pdftex.def Info: square/I21.jpg used on input line 62.
(pdftex.def)             Requested size: 72.3451pt x 72.34782pt.

<square/I22.jpg, id=22, 198.7425pt x 198.7425pt>
File: square/I22.jpg Graphic file (type jpg)
 <use square/I22.jpg>
Package pdftex.def Info: square/I22.jpg used on input line 62.
(pdftex.def)             Requested size: 72.3451pt x 72.34782pt.

<square/I23.jpg, id=23, 198.7425pt x 198.7425pt>
File: square/I23.jpg Graphic file (type jpg)
 <use square/I23.jpg>
Package pdftex.def Info: square/I23.jpg used on input line 62.
(pdftex.def)             Requested size: 72.3451pt x 72.34782pt.

<square/I24.jpg, id=24, 198.7425pt x 197.73875pt>
File: square/I24.jpg Graphic file (type jpg)
 <use square/I24.jpg>
Package pdftex.def Info: square/I24.jpg used on input line 62.
(pdftex.def)             Requested size: 72.3451pt x 71.98244pt.

<square/I25.jpg, id=25, 198.7425pt x 198.7425pt>
File: square/I25.jpg Graphic file (type jpg)
 <use square/I25.jpg>
Package pdftex.def Info: square/I25.jpg used on input line 62.
(pdftex.def)             Requested size: 72.3451pt x 72.34782pt.

<square/I26.jpg, id=26, 198.7425pt x 198.7425pt>
File: square/I26.jpg Graphic file (type jpg)
 <use square/I26.jpg>
Package pdftex.def Info: square/I26.jpg used on input line 66.
(pdftex.def)             Requested size: 72.3451pt x 72.34782pt.

<square/I27.jpg, id=27, 198.7425pt x 198.7425pt>
File: square/I27.jpg Graphic file (type jpg)
 <use square/I27.jpg>
Package pdftex.def Info: square/I27.jpg used on input line 66.
(pdftex.def)             Requested size: 72.3451pt x 72.34782pt.

<square/I28.jpg, id=28, 198.7425pt x 198.7425pt>
File: square/I28.jpg Graphic file (type jpg)
 <use square/I28.jpg>
Package pdftex.def Info: square/I28.jpg used on input line 66.
(pdftex.def)             Requested size: 72.3451pt x 72.34782pt.

<square/I29.jpg, id=29, 198.7425pt x 198.7425pt>
File: square/I29.jpg Graphic file (type jpg)
 <use square/I29.jpg>
Package pdftex.def Info: square/I29.jpg used on input line 66.
(pdftex.def)             Requested size: 72.3451pt x 72.34782pt.

<square/I30.jpg, id=30, 271.0125pt x 271.0125pt>
File: square/I30.jpg Graphic file (type jpg)
 <use square/I30.jpg>
Package pdftex.def Info: square/I30.jpg used on input line 66.
(pdftex.def)             Requested size: 72.3451pt x 72.34314pt.
 [1

{/usr/local/texlive/2015/texmf-var/fonts/map/pdftex/updmap/pdftex.map} <./squar
e/I01.jpg> <./figures/I02.jpg> <./square/I03.jpg> <./square/I04.jpg> <./square/
I05.jpg> <./square/I06.jpg> <./square/I07.jpg> <./square/I08.jpg> <./square/I09
.jpg> <./square/I10.jpg> <./square/I11.jpg> <./square/I12.jpg> <./square/I13.jp
g> <./square/I14.jpg> <./square/I15.jpg> <./square/I16.jpg> <./figures/I17.jpg>
 <./square/I18.jpg> <./square/I19.jpg> <./square/I20.jpg> <./square/I21.jpg> <.
/square/I22.jpg> <./square/I23.jpg> <./square/I24.jpg> <./square/I25.jpg> <./sq
uare/I26.jpg> <./square/I27.jpg> <./square/I28.jpg> <./square/I29.jpg> <./squar
e/I30.jpg>]
File: square/I01.jpg Graphic file (type jpg)
 <use square/I01.jpg>
Package pdftex.def Info: square/I01.jpg used on input line 82.
(pdftex.def)             Requested size: 72.3451pt x 72.34782pt.
 <figures/I04.jpg, id=37, 602.25pt x 401.5pt>
File: figures/I04.jpg Graphic file (type jpg)

<use figures/I04.jpg>
Package pdftex.def Info: figures/I04.jpg used on input line 82.
(pdftex.def)             Requested size: 72.3451pt x 48.22693pt.
File: square/I07.jpg Graphic file (type jpg)
 <use square/I07.jpg>
Package pdftex.def Info: square/I07.jpg used on input line 82.
(pdftex.def)             Requested size: 72.3451pt x 72.34782pt.
File: square/I10.jpg Graphic file (type jpg)
 <use square/I10.jpg>
Package pdftex.def Info: square/I10.jpg used on input line 82.
(pdftex.def)             Requested size: 72.3451pt x 72.34782pt.
File: square/I13.jpg Graphic file (type jpg)

<use square/I13.jpg>
Package pdftex.def Info: square/I13.jpg used on input line 82.
(pdftex.def)             Requested size: 72.3451pt x 72.34782pt.
File: square/I18.jpg Graphic file (type jpg)
 <use square/I18.jpg>
Package pdftex.def Info: square/I18.jpg used on input line 86.
(pdftex.def)             Requested size: 72.3451pt x 72.34782pt.
File: square/I20.jpg Graphic file (type jpg)
 <use square/I20.jpg>
Package pdftex.def Info: square/I20.jpg used on input line 86.
(pdftex.def)             Requested size: 72.3451pt x 72.34782pt.
File: square/I24.jpg Graphic file (type jpg)

<use square/I24.jpg>
Package pdftex.def Info: square/I24.jpg used on input line 86.
(pdftex.def)             Requested size: 72.3451pt x 71.98244pt.
File: square/I27.jpg Graphic file (type jpg)
 <use square/I27.jpg>
Package pdftex.def Info: square/I27.jpg used on input line 86.
(pdftex.def)             Requested size: 72.3451pt x 72.34782pt.
File: square/I30.jpg Graphic file (type jpg)
 <use square/I30.jpg>
Package pdftex.def Info: square/I30.jpg used on input line 86.
(pdftex.def)             Requested size: 72.3451pt x 72.34314pt.

<square/I02.jpg, id=38, 198.7425pt x 198.7425pt>
File: square/I02.jpg Graphic file (type jpg)
 <use square/I02.jpg>
Package pdftex.def Info: square/I02.jpg used on input line 95.
(pdftex.def)             Requested size: 72.3451pt x 72.34782pt.
File: square/I06.jpg Graphic file (type jpg)

<use square/I06.jpg>
Package pdftex.def Info: square/I06.jpg used on input line 95.
(pdftex.def)             Requested size: 72.3451pt x 72.34782pt.
File: square/I09.jpg Graphic file (type jpg)
 <use square/I09.jpg>
Package pdftex.def Info: square/I09.jpg used on input line 95.
(pdftex.def)             Requested size: 72.3451pt x 72.34782pt.
File: square/I12.jpg Graphic file (type jpg)
 <use square/I12.jpg>
Package pdftex.def Info: square/I12.jpg used on input line 95.
(pdftex.def)             Requested size: 72.3451pt x 72.34782pt.
File: square/I15.jpg Graphic file (type jpg)

<use square/I15.jpg>
Package pdftex.def Info: square/I15.jpg used on input line 95.
(pdftex.def)             Requested size: 72.3451pt x 72.34782pt.
File: square/I16.jpg Graphic file (type jpg)
 <use square/I16.jpg>
Package pdftex.def Info: square/I16.jpg used on input line 99.
(pdftex.def)             Requested size: 72.3451pt x 72.34782pt.

<figures/I19.jpg, id=39, 602.25pt x 489.83pt>
File: figures/I19.jpg Graphic file (type jpg)
 <use figures/I19.jpg>
Package pdftex.def Info: figures/I19.jpg used on input line 99.
(pdftex.def)             Requested size: 72.3451pt x 58.83685pt.
File: square/I22.jpg Graphic file (type jpg)

<use square/I22.jpg>
Package pdftex.def Info: square/I22.jpg used on input line 99.
(pdftex.def)             Requested size: 72.3451pt x 72.34782pt.
File: square/I25.jpg Graphic file (type jpg)
 <use square/I25.jpg>
Package pdftex.def Info: square/I25.jpg used on input line 99.
(pdftex.def)             Requested size: 72.3451pt x 72.34782pt.
File: square/I29.jpg Graphic file (type jpg)
 <use square/I29.jpg>
Package pdftex.def Info: square/I29.jpg used on input line 99.
(pdftex.def)             Requested size: 72.3451pt x 72.34782pt.
File: square/I03.jpg Graphic file (type jpg)

<use square/I03.jpg>
Package pdftex.def Info: square/I03.jpg used on input line 109.
(pdftex.def)             Requested size: 72.3451pt x 72.34782pt.
File: square/I05.jpg Graphic file (type jpg)
 <use square/I05.jpg>
Package pdftex.def Info: square/I05.jpg used on input line 109.
(pdftex.def)             Requested size: 72.3451pt x 72.71175pt.
File: square/I08.jpg Graphic file (type jpg)
 <use square/I08.jpg>
Package pdftex.def Info: square/I08.jpg used on input line 109.
(pdftex.def)             Requested size: 72.3451pt x 72.34782pt.
File: square/I11.jpg Graphic file (type jpg)

<use square/I11.jpg>
Package pdftex.def Info: square/I11.jpg used on input line 109.
(pdftex.def)             Requested size: 72.3451pt x 72.34782pt.
File: square/I14.jpg Graphic file (type jpg)
 <use square/I14.jpg>
Package pdftex.def Info: square/I14.jpg used on input line 109.
(pdftex.def)             Requested size: 72.3451pt x 72.34782pt.

<square/I17.jpg, id=40, 198.7425pt x 198.7425pt>
File: square/I17.jpg Graphic file (type jpg)
 <use square/I17.jpg>
Package pdftex.def Info: square/I17.jpg used on input line 113.
(pdftex.def)             Requested size: 72.3451pt x 72.34782pt.
File: square/I21.jpg Graphic file (type jpg)

<use square/I21.jpg>
Package pdftex.def Info: square/I21.jpg used on input line 113.
(pdftex.def)             Requested size: 72.3451pt x 72.34782pt.
File: square/I23.jpg Graphic file (type jpg)
 <use square/I23.jpg>
Package pdftex.def Info: square/I23.jpg used on input line 113.
(pdftex.def)             Requested size: 72.3451pt x 72.34782pt.
File: square/I26.jpg Graphic file (type jpg)
 <use square/I26.jpg>
Package pdftex.def Info: square/I26.jpg used on input line 113.
(pdftex.def)             Requested size: 72.3451pt x 72.34782pt.
File: square/I28.jpg Graphic file (type jpg)

<use square/I28.jpg>
Package pdftex.def Info: square/I28.jpg used on input line 113.
(pdftex.def)             Requested size: 72.3451pt x 72.34782pt.
 [2 <./figures/I04.jpg> <./square/I02.jpg> <./figures/I19.jpg> <./square/I17.jp
g>] (./PDT_items_contact_sheet.aux) ) 
Here is how much of TeX's memory you used:
 2890 strings out of 493089
 40873 string characters out of 6134842
 112783 words of memory out of 5000000
 6317 multiletter control sequences out of 15000+600000
 6996 words of font info for 25 fonts, out of 8000000 for 9000
 1141 hyphenation exceptions out of 8191
 38i,10n,43p,351b,267s stack positions out of 5000i,500n,10000p,200000b,80000s
</usr/local/texlive/2015/texmf-dist/fonts/
type1/public/amsfonts/cm/cmbx12.pfb></usr/local/texlive/2015/texmf-dist/fonts/t
ype1/public/amsfonts/cm/cmr12.pfb>
Output written on PDT_items_contact_sheet.pdf (2 pages, 517812 bytes).
PDF statistics:
 53 PDF objects out of 1000 (max. 8388607)
 12 compressed objects within 1 object stream
 0 named destinations out of 1000 (max. 500000)
 171 words of extra memory for PDF output out of 10000 (max. 10000000)

