This is pdfTeX, Version 3.14159265-2.6-1.40.16 (TeX Live 2015) (preloaded format=pdflatex 2015.5.24)  2 AUG 2021 21:56
entering extended mode
 restricted \write18 enabled.
 file:line:error style messages enabled.
 %&-line parsing enabled.
**LK-defense-draft.tex
(./LK-defense-draft.tex
LaTeX2e <2015/01/01>
Babel <3.9l> and hyphenation patterns for 79 languages loaded.
(/usr/local/texlive/2015/texmf-dist/tex/latex/beamer/beamer.cls
(/usr/local/texlive/2015/texmf-dist/tex/latex/beamer/beamerbasercs.sty
Package: beamerbasercs 2015/03/08 (rcs-revision 368aa9ba9d38)
)
Document Class: beamer 2015/01/05 3.36 A class for typesetting presentations (r
cs-revision 8a39122e1f63)
(/usr/local/texlive/2015/texmf-dist/tex/latex/beamer/beamerbasemodes.sty
Package: beamerbasemodes 2013/09/03 (rcs-revision 768f2d98ca64)
\beamer@tempbox=\box26
\beamer@tempcount=\count79
\c@beamerpauses=\count80

(/usr/local/texlive/2015/texmf-dist/tex/latex/beamer/beamerbasedecode.sty
Package: beamerbasedecode 2010/05/01 (rcs-revision efa082c6111d)
\beamer@slideinframe=\count81
\beamer@minimum=\count82
)
\beamer@commentbox=\box27
\beamer@modecount=\count83
)
(/usr/local/texlive/2015/texmf-dist/tex/generic/oberdiek/ifpdf.sty
Package: ifpdf 2011/01/30 v2.3 Provides the ifpdf switch (HO)
Package ifpdf Info: pdfTeX in PDF mode is detected.
)
\headheight=\dimen102
\headdp=\dimen103
\footheight=\dimen104
\sidebarheight=\dimen105
\beamer@tempdim=\dimen106
\beamer@finalheight=\dimen107
\beamer@animht=\dimen108
\beamer@animdp=\dimen109
\beamer@animwd=\dimen110
\beamer@leftmargin=\dimen111
\beamer@rightmargin=\dimen112
\beamer@leftsidebar=\dimen113
\beamer@rightsidebar=\dimen114
\beamer@boxsize=\dimen115
\beamer@vboxoffset=\dimen116
\beamer@descdefault=\dimen117
\beamer@descriptionwidth=\dimen118
\beamer@lastskip=\skip41
\beamer@areabox=\box28
\beamer@animcurrent=\box29
\beamer@animshowbox=\box30
\beamer@sectionbox=\box31
\beamer@logobox=\box32
\beamer@linebox=\box33
\beamer@sectioncount=\count84
\beamer@subsubsectionmax=\count85
\beamer@subsectionmax=\count86
\beamer@sectionmax=\count87
\beamer@totalheads=\count88
\beamer@headcounter=\count89
\beamer@partstartpage=\count90
\beamer@sectionstartpage=\count91
\beamer@subsectionstartpage=\count92
\beamer@animationtempa=\count93
\beamer@animationtempb=\count94
\beamer@xpos=\count95
\beamer@ypos=\count96
\beamer@showpartnumber=\count97
\beamer@currentsubsection=\count98
\beamer@coveringdepth=\count99
\beamer@sectionadjust=\count100
\beamer@tocsectionnumber=\count101

(/usr/local/texlive/2015/texmf-dist/tex/latex/beamer/beamerbaseoptions.sty
Package: beamerbaseoptions 2013/03/10 (rcs-revision 47431932db0d)

(/usr/local/texlive/2015/texmf-dist/tex/latex/graphics/keyval.sty
Package: keyval 2014/10/28 v1.15 key=value parser (DPC)
\KV@toks@=\toks14
))
\beamer@paperwidth=\skip42
\beamer@paperheight=\skip43

(/usr/local/texlive/2015/texmf-dist/tex/latex/geometry/geometry.sty
Package: geometry 2010/09/12 v5.6 Page Geometry

(/usr/local/texlive/2015/texmf-dist/tex/generic/oberdiek/ifvtex.sty
Package: ifvtex 2010/03/01 v1.5 Detect VTeX and its facilities (HO)
Package ifvtex Info: VTeX not detected.
)
(/usr/local/texlive/2015/texmf-dist/tex/generic/ifxetex/ifxetex.sty
Package: ifxetex 2010/09/12 v0.6 Provides ifxetex conditional
)
\Gm@cnth=\count102
\Gm@cntv=\count103
\c@Gm@tempcnt=\count104
\Gm@bindingoffset=\dimen119
\Gm@wd@mp=\dimen120
\Gm@odd@mp=\dimen121
\Gm@even@mp=\dimen122
\Gm@layoutwidth=\dimen123
\Gm@layoutheight=\dimen124
\Gm@layouthoffset=\dimen125
\Gm@layoutvoffset=\dimen126
\Gm@dimlist=\toks15
)
(/usr/local/texlive/2015/texmf-dist/tex/latex/base/size11.clo
File: size11.clo 2014/09/29 v1.4h Standard LaTeX file (size option)
)
(/Users/leviking/Library/texmf/tex/latex/pgf/basiclayer/pgfcore.sty
(/usr/local/texlive/2015/texmf-dist/tex/latex/graphics/graphicx.sty
Package: graphicx 2014/10/28 v1.0g Enhanced LaTeX Graphics (DPC,SPQR)

(/usr/local/texlive/2015/texmf-dist/tex/latex/graphics/graphics.sty
Package: graphics 2014/10/28 v1.0p Standard LaTeX Graphics (DPC,SPQR)

(/usr/local/texlive/2015/texmf-dist/tex/latex/graphics/trig.sty
Package: trig 1999/03/16 v1.09 sin cos tan (DPC)
)
(/usr/local/texlive/2015/texmf-dist/tex/latex/latexconfig/graphics.cfg
File: graphics.cfg 2010/04/23 v1.9 graphics configuration of TeX Live
)
Package graphics Info: Driver file: pdftex.def on input line 94.

(/usr/local/texlive/2015/texmf-dist/tex/latex/pdftex-def/pdftex.def
File: pdftex.def 2011/05/27 v0.06d Graphics/color for pdfTeX

(/usr/local/texlive/2015/texmf-dist/tex/generic/oberdiek/infwarerr.sty
Package: infwarerr 2010/04/08 v1.3 Providing info/warning/error messages (HO)
)
(/usr/local/texlive/2015/texmf-dist/tex/generic/oberdiek/ltxcmds.sty
Package: ltxcmds 2011/11/09 v1.22 LaTeX kernel commands for general use (HO)
)
\Gread@gobject=\count105
))
\Gin@req@height=\dimen127
\Gin@req@width=\dimen128
)
(/Users/leviking/Library/texmf/tex/latex/pgf/systemlayer/pgfsys.sty
(/Users/leviking/Library/texmf/tex/latex/pgf/utilities/pgfrcs.sty
(/Users/leviking/Library/texmf/tex/generic/pgf/utilities/pgfutil-common.tex
\pgfutil@everybye=\toks16
)
(/Users/leviking/Library/texmf/tex/generic/pgf/utilities/pgfutil-latex.def
\pgfutil@abb=\box34

(/usr/local/texlive/2015/texmf-dist/tex/latex/ms/everyshi.sty
Package: everyshi 2001/05/15 v3.00 EveryShipout Package (MS)
))
(/Users/leviking/Library/texmf/tex/generic/pgf/utilities/pgfrcs.code.tex
Package: pgfrcs 2010/10/25 v2.10 (rcs-revision 1.24)
))
(/Users/leviking/Library/texmf/tex/generic/pgf/systemlayer/pgfsys.code.tex
Package: pgfsys 2010/06/30 v2.10 (rcs-revision 1.37)

(/Users/leviking/Library/texmf/tex/generic/pgf/utilities/pgfkeys.code.tex
\pgfkeys@pathtoks=\toks17
\pgfkeys@temptoks=\toks18

(/Users/leviking/Library/texmf/tex/generic/pgf/utilities/pgfkeysfiltered.code.t
ex
\pgfkeys@tmptoks=\toks19
))
\pgf@x=\dimen129
\pgf@y=\dimen130
\pgf@xa=\dimen131
\pgf@ya=\dimen132
\pgf@xb=\dimen133
\pgf@yb=\dimen134
\pgf@xc=\dimen135
\pgf@yc=\dimen136
\w@pgf@writea=\write3
\r@pgf@reada=\read1
\c@pgf@counta=\count106
\c@pgf@countb=\count107
\c@pgf@countc=\count108
\c@pgf@countd=\count109
 (/Users/leviking/Library/texmf/tex/generic/pgf/systemlayer/pgf.cfg
File: pgf.cfg 2008/05/14  (rcs-revision 1.7)
)
Package pgfsys Info: Driver file for pgf: pgfsys-pdftex.def on input line 900.

(/Users/leviking/Library/texmf/tex/generic/pgf/systemlayer/pgfsys-pdftex.def
File: pgfsys-pdftex.def 2009/05/22  (rcs-revision 1.26)

(/Users/leviking/Library/texmf/tex/generic/pgf/systemlayer/pgfsys-common-pdf.de
f
File: pgfsys-common-pdf.def 2008/05/19  (rcs-revision 1.10)
)))
(/Users/leviking/Library/texmf/tex/generic/pgf/systemlayer/pgfsyssoftpath.code.
tex
File: pgfsyssoftpath.code.tex 2008/07/18  (rcs-revision 1.7)
\pgfsyssoftpath@smallbuffer@items=\count110
\pgfsyssoftpath@bigbuffer@items=\count111
)
(/Users/leviking/Library/texmf/tex/generic/pgf/systemlayer/pgfsysprotocol.code.
tex
File: pgfsysprotocol.code.tex 2006/10/16  (rcs-revision 1.4)
)) (/usr/local/texlive/2015/texmf-dist/tex/latex/xcolor/xcolor.sty
Package: xcolor 2007/01/21 v2.11 LaTeX color extensions (UK)

(/usr/local/texlive/2015/texmf-dist/tex/latex/latexconfig/color.cfg
File: color.cfg 2007/01/18 v1.5 color configuration of teTeX/TeXLive
)
Package xcolor Info: Driver file: pdftex.def on input line 225.
Package xcolor Info: Model `cmy' substituted by `cmy0' on input line 1337.
Package xcolor Info: Model `hsb' substituted by `rgb' on input line 1341.
Package xcolor Info: Model `RGB' extended on input line 1353.
Package xcolor Info: Model `HTML' substituted by `rgb' on input line 1355.
Package xcolor Info: Model `Hsb' substituted by `hsb' on input line 1356.
Package xcolor Info: Model `tHsb' substituted by `hsb' on input line 1357.
Package xcolor Info: Model `HSB' substituted by `hsb' on input line 1358.
Package xcolor Info: Model `Gray' substituted by `gray' on input line 1359.
Package xcolor Info: Model `wave' substituted by `hsb' on input line 1360.

(/usr/local/texlive/2015/texmf-dist/tex/latex/graphics/dvipsnam.def
File: dvipsnam.def 2014/10/14 v3.0j Driver-dependent file (DPC,SPQR)
))
(/Users/leviking/Library/texmf/tex/generic/pgf/basiclayer/pgfcore.code.tex
Package: pgfcore 2010/04/11 v2.10 (rcs-revision 1.7)

(/Users/leviking/Library/texmf/tex/generic/pgf/math/pgfmath.code.tex
(/Users/leviking/Library/texmf/tex/generic/pgf/math/pgfmathcalc.code.tex
(/Users/leviking/Library/texmf/tex/generic/pgf/math/pgfmathutil.code.tex)
(/Users/leviking/Library/texmf/tex/generic/pgf/math/pgfmathparser.code.tex
\pgfmath@dimen=\dimen137
\pgfmath@count=\count112
\pgfmath@box=\box35
\pgfmath@toks=\toks20
\pgfmath@stack@operand=\toks21
\pgfmath@stack@operation=\toks22
)
(/Users/leviking/Library/texmf/tex/generic/pgf/math/pgfmathfunctions.code.tex
(/Users/leviking/Library/texmf/tex/generic/pgf/math/pgfmathfunctions.basic.code
.tex)
(/Users/leviking/Library/texmf/tex/generic/pgf/math/pgfmathfunctions.trigonomet
ric.code.tex)
(/Users/leviking/Library/texmf/tex/generic/pgf/math/pgfmathfunctions.random.cod
e.tex)
(/Users/leviking/Library/texmf/tex/generic/pgf/math/pgfmathfunctions.comparison
.code.tex)
(/Users/leviking/Library/texmf/tex/generic/pgf/math/pgfmathfunctions.base.code.
tex)
(/Users/leviking/Library/texmf/tex/generic/pgf/math/pgfmathfunctions.round.code
.tex)
(/Users/leviking/Library/texmf/tex/generic/pgf/math/pgfmathfunctions.misc.code.
tex)))
(/Users/leviking/Library/texmf/tex/generic/pgf/math/pgfmathfloat.code.tex
\c@pgfmathroundto@lastzeros=\count113
))
(/Users/leviking/Library/texmf/tex/generic/pgf/basiclayer/pgfcorepoints.code.te
x
File: pgfcorepoints.code.tex 2010/04/09  (rcs-revision 1.20)
\pgf@picminx=\dimen138
\pgf@picmaxx=\dimen139
\pgf@picminy=\dimen140
\pgf@picmaxy=\dimen141
\pgf@pathminx=\dimen142
\pgf@pathmaxx=\dimen143
\pgf@pathminy=\dimen144
\pgf@pathmaxy=\dimen145
\pgf@xx=\dimen146
\pgf@xy=\dimen147
\pgf@yx=\dimen148
\pgf@yy=\dimen149
\pgf@zx=\dimen150
\pgf@zy=\dimen151
)
(/Users/leviking/Library/texmf/tex/generic/pgf/basiclayer/pgfcorepathconstruct.
code.tex
File: pgfcorepathconstruct.code.tex 2010/08/03  (rcs-revision 1.24)
\pgf@path@lastx=\dimen152
\pgf@path@lasty=\dimen153
)
(/Users/leviking/Library/texmf/tex/generic/pgf/basiclayer/pgfcorepathusage.code
.tex
File: pgfcorepathusage.code.tex 2008/04/22  (rcs-revision 1.12)
\pgf@shorten@end@additional=\dimen154
\pgf@shorten@start@additional=\dimen155
)
(/Users/leviking/Library/texmf/tex/generic/pgf/basiclayer/pgfcorescopes.code.te
x
File: pgfcorescopes.code.tex 2010/09/08  (rcs-revision 1.34)
\pgfpic=\box36
\pgf@hbox=\box37
\pgf@layerbox@main=\box38
\pgf@picture@serial@count=\count114
)
(/Users/leviking/Library/texmf/tex/generic/pgf/basiclayer/pgfcoregraphicstate.c
ode.tex
File: pgfcoregraphicstate.code.tex 2008/04/22  (rcs-revision 1.9)
\pgflinewidth=\dimen156
)
(/Users/leviking/Library/texmf/tex/generic/pgf/basiclayer/pgfcoretransformation
s.code.tex
File: pgfcoretransformations.code.tex 2009/06/10  (rcs-revision 1.11)
\pgf@pt@x=\dimen157
\pgf@pt@y=\dimen158
\pgf@pt@temp=\dimen159
)
(/Users/leviking/Library/texmf/tex/generic/pgf/basiclayer/pgfcorequick.code.tex
File: pgfcorequick.code.tex 2008/10/09  (rcs-revision 1.3)
)
(/Users/leviking/Library/texmf/tex/generic/pgf/basiclayer/pgfcoreobjects.code.t
ex
File: pgfcoreobjects.code.tex 2006/10/11  (rcs-revision 1.2)
)
(/Users/leviking/Library/texmf/tex/generic/pgf/basiclayer/pgfcorepathprocessing
.code.tex
File: pgfcorepathprocessing.code.tex 2008/10/09  (rcs-revision 1.8)
)
(/Users/leviking/Library/texmf/tex/generic/pgf/basiclayer/pgfcorearrows.code.te
x
File: pgfcorearrows.code.tex 2008/04/23  (rcs-revision 1.11)
)
(/Users/leviking/Library/texmf/tex/generic/pgf/basiclayer/pgfcoreshade.code.tex
File: pgfcoreshade.code.tex 2008/11/23  (rcs-revision 1.13)
\pgf@max=\dimen160
\pgf@sys@shading@range@num=\count115
)
(/Users/leviking/Library/texmf/tex/generic/pgf/basiclayer/pgfcoreimage.code.tex
File: pgfcoreimage.code.tex 2010/03/25  (rcs-revision 1.16)

(/Users/leviking/Library/texmf/tex/generic/pgf/basiclayer/pgfcoreexternal.code.
tex
File: pgfcoreexternal.code.tex 2010/09/01  (rcs-revision 1.17)
\pgfexternal@startupbox=\box39
))
(/Users/leviking/Library/texmf/tex/generic/pgf/basiclayer/pgfcorelayers.code.te
x
File: pgfcorelayers.code.tex 2010/08/27  (rcs-revision 1.2)
)
(/Users/leviking/Library/texmf/tex/generic/pgf/basiclayer/pgfcoretransparency.c
ode.tex
File: pgfcoretransparency.code.tex 2008/01/17  (rcs-revision 1.2)
)
(/Users/leviking/Library/texmf/tex/generic/pgf/basiclayer/pgfcorepatterns.code.
tex
File: pgfcorepatterns.code.tex 2009/07/02  (rcs-revision 1.3)
))) (/Users/leviking/Library/texmf/tex/latex/pgf/utilities/xxcolor.sty
Package: xxcolor 2003/10/24 ver 0.1
\XC@nummixins=\count116
\XC@countmixins=\count117
)
(/usr/local/texlive/2015/texmf-dist/tex/generic/oberdiek/atbegshi.sty
Package: atbegshi 2011/10/05 v1.16 At begin shipout hook (HO)
)
(/usr/local/texlive/2015/texmf-dist/tex/latex/hyperref/hyperref.sty
Package: hyperref 2012/11/06 v6.83m Hypertext links for LaTeX

(/usr/local/texlive/2015/texmf-dist/tex/generic/oberdiek/hobsub-hyperref.sty
Package: hobsub-hyperref 2012/05/28 v1.13 Bundle oberdiek, subset hyperref (HO)


(/usr/local/texlive/2015/texmf-dist/tex/generic/oberdiek/hobsub-generic.sty
Package: hobsub-generic 2012/05/28 v1.13 Bundle oberdiek, subset generic (HO)
Package: hobsub 2012/05/28 v1.13 Construct package bundles (HO)
Package hobsub Info: Skipping package `infwarerr' (already loaded).
Package hobsub Info: Skipping package `ltxcmds' (already loaded).
Package: ifluatex 2010/03/01 v1.3 Provides the ifluatex switch (HO)
Package ifluatex Info: LuaTeX not detected.
Package hobsub Info: Skipping package `ifvtex' (already loaded).
Package: intcalc 2007/09/27 v1.1 Expandable calculations with integers (HO)
Package hobsub Info: Skipping package `ifpdf' (already loaded).
Package: etexcmds 2011/02/16 v1.5 Avoid name clashes with e-TeX commands (HO)
Package etexcmds Info: Could not find \expanded.
(etexcmds)             That can mean that you are not using pdfTeX 1.50 or
(etexcmds)             that some package has redefined \expanded.
(etexcmds)             In the latter case, load this package earlier.
Package: kvsetkeys 2012/04/25 v1.16 Key value parser (HO)
Package: kvdefinekeys 2011/04/07 v1.3 Define keys (HO)
Package: pdftexcmds 2011/11/29 v0.20 Utility functions of pdfTeX for LuaTeX (HO
)
Package pdftexcmds Info: LuaTeX not detected.
Package pdftexcmds Info: \pdf@primitive is available.
Package pdftexcmds Info: \pdf@ifprimitive is available.
Package pdftexcmds Info: \pdfdraftmode found.
Package: pdfescape 2011/11/25 v1.13 Implements pdfTeX's escape features (HO)
Package: bigintcalc 2012/04/08 v1.3 Expandable calculations on big integers (HO
)
Package: bitset 2011/01/30 v1.1 Handle bit-vector datatype (HO)
Package: uniquecounter 2011/01/30 v1.2 Provide unlimited unique counter (HO)
)
Package hobsub Info: Skipping package `hobsub' (already loaded).
Package: letltxmacro 2010/09/02 v1.4 Let assignment for LaTeX macros (HO)
Package: hopatch 2012/05/28 v1.2 Wrapper for package hooks (HO)
Package: xcolor-patch 2011/01/30 xcolor patch
Package: atveryend 2011/06/30 v1.8 Hooks at the very end of document (HO)
Package atveryend Info: \enddocument detected (standard20110627).
Package hobsub Info: Skipping package `atbegshi' (already loaded).
Package: refcount 2011/10/16 v3.4 Data extraction from label references (HO)
Package: hycolor 2011/01/30 v1.7 Color options for hyperref/bookmark (HO)
)
(/usr/local/texlive/2015/texmf-dist/tex/latex/oberdiek/auxhook.sty
Package: auxhook 2011/03/04 v1.3 Hooks for auxiliary files (HO)
)
(/usr/local/texlive/2015/texmf-dist/tex/latex/oberdiek/kvoptions.sty
Package: kvoptions 2011/06/30 v3.11 Key value format for package options (HO)
)
\@linkdim=\dimen161
\Hy@linkcounter=\count118
\Hy@pagecounter=\count119

(/usr/local/texlive/2015/texmf-dist/tex/latex/hyperref/pd1enc.def
File: pd1enc.def 2012/11/06 v6.83m Hyperref: PDFDocEncoding definition (HO)
)
\Hy@SavedSpaceFactor=\count120

(/usr/local/texlive/2015/texmf-dist/tex/latex/latexconfig/hyperref.cfg
File: hyperref.cfg 2002/06/06 v1.2 hyperref configuration of TeXLive
)
Package hyperref Info: Option `bookmarks' set `true' on input line 4319.
Package hyperref Info: Option `bookmarksopen' set `true' on input line 4319.
Package hyperref Info: Option `implicit' set `false' on input line 4319.
Package hyperref Info: Hyper figures OFF on input line 4443.
Package hyperref Info: Link nesting OFF on input line 4448.
Package hyperref Info: Hyper index ON on input line 4451.
Package hyperref Info: Plain pages OFF on input line 4458.
Package hyperref Info: Backreferencing OFF on input line 4463.
Package hyperref Info: Implicit mode OFF; no redefinition of LaTeX internals.
Package hyperref Info: Bookmarks ON on input line 4688.
\c@Hy@tempcnt=\count121

(/usr/local/texlive/2015/texmf-dist/tex/latex/url/url.sty
\Urlmuskip=\muskip10
Package: url 2013/09/16  ver 3.4  Verb mode for urls, etc.
)
LaTeX Info: Redefining \url on input line 5041.
\XeTeXLinkMargin=\dimen162
\Fld@menulength=\count122
\Field@Width=\dimen163
\Fld@charsize=\dimen164
Package hyperref Info: Hyper figures OFF on input line 6295.
Package hyperref Info: Link nesting OFF on input line 6300.
Package hyperref Info: Hyper index ON on input line 6303.
Package hyperref Info: backreferencing OFF on input line 6310.
Package hyperref Info: Link coloring OFF on input line 6315.
Package hyperref Info: Link coloring with OCG OFF on input line 6320.
Package hyperref Info: PDF/A mode OFF on input line 6325.
LaTeX Info: Redefining \ref on input line 6365.
LaTeX Info: Redefining \pageref on input line 6369.
\Hy@abspage=\count123


Package hyperref Message: Stopped early.

)

Package hyperref Message: Driver (autodetected): hpdftex.

(/usr/local/texlive/2015/texmf-dist/tex/latex/hyperref/hpdftex.def
File: hpdftex.def 2012/11/06 v6.83m Hyperref driver for pdfTeX
\Fld@listcount=\count124
\c@bookmark@seq@number=\count125

(/usr/local/texlive/2015/texmf-dist/tex/latex/oberdiek/rerunfilecheck.sty
Package: rerunfilecheck 2011/04/15 v1.7 Rerun checks for auxiliary files (HO)
Package uniquecounter Info: New unique counter `rerunfilecheck' on input line 2
82.
))
(/usr/local/texlive/2015/texmf-dist/tex/latex/beamer/beamerbaserequires.sty
Package: beamerbaserequires 2010/05/01  (rcs-revision efa082c6111d)

(/usr/local/texlive/2015/texmf-dist/tex/latex/beamer/beamerbasecompatibility.st
y
Package: beamerbasecompatibility 2012/05/01  (rcs-revision 67c48b3b652d)
) (/usr/local/texlive/2015/texmf-dist/tex/latex/beamer/beamerbasefont.sty
Package: beamerbasefont 2015/01/05  (rcs-revision b4b4bee242e2)

(/usr/local/texlive/2015/texmf-dist/tex/latex/amsfonts/amssymb.sty
Package: amssymb 2013/01/14 v3.01 AMS font symbols

(/usr/local/texlive/2015/texmf-dist/tex/latex/amsfonts/amsfonts.sty
Package: amsfonts 2013/01/14 v3.01 Basic AMSFonts support
\@emptytoks=\toks23
\symAMSa=\mathgroup4
\symAMSb=\mathgroup5
LaTeX Font Info:    Overwriting math alphabet `\mathfrak' in version `bold'
(Font)                  U/euf/m/n --> U/euf/b/n on input line 106.
))
(/usr/local/texlive/2015/texmf-dist/tex/latex/sansmathaccent/sansmathaccent.sty
Package: sansmathaccent 2013/03/28
(/usr/local/texlive/2015/texmf-dist/tex/latex/filehook/filehook.sty
Package: filehook 2011/10/12 v0.5d Hooks for input files
)))
(/usr/local/texlive/2015/texmf-dist/tex/latex/beamer/beamerbasetranslator.sty
Package: beamerbasetranslator 2010/06/11  (rcs-revision 85fd1cc7fc42)

(/usr/local/texlive/2015/texmf-dist/tex/latex/beamer/translator/translator.sty
Package: translator 2010/06/12 ver 1.10

(/usr/local/texlive/2015/texmf-dist/tex/latex/beamer/translator/translator-lang
uage-mappings.tex)))
(/usr/local/texlive/2015/texmf-dist/tex/latex/beamer/beamerbasemisc.sty
Package: beamerbasemisc 2013/09/03  (rcs-revision a55719c41d85)
)
(/usr/local/texlive/2015/texmf-dist/tex/latex/beamer/beamerbasetwoscreens.sty
Package: beamerbasetwoscreens 2010/05/01  (rcs-revision efa082c6111d)
)
(/usr/local/texlive/2015/texmf-dist/tex/latex/beamer/beamerbaseoverlay.sty
Package: beamerbaseoverlay 2013/12/25  (rcs-revision f6bd5e3805da)
\beamer@argscount=\count126
\beamer@lastskipcover=\skip44
\beamer@trivlistdepth=\count127
)
(/usr/local/texlive/2015/texmf-dist/tex/latex/beamer/beamerbasetitle.sty
Package: beamerbasetitle 2010/09/21  (rcs-revision f0446ed0b6ae)
)
(/usr/local/texlive/2015/texmf-dist/tex/latex/beamer/beamerbasesection.sty
Package: beamerbasesection 2013/06/07  (rcs-revision 60b9fe0f342f)
\c@lecture=\count128
\c@part=\count129
\c@section=\count130
\c@subsection=\count131
\c@subsubsection=\count132
)
(/usr/local/texlive/2015/texmf-dist/tex/latex/beamer/beamerbaseframe.sty
Package: beamerbaseframe 2014/02/20  (rcs-revision 4b8ceeeff434)
\beamer@framebox=\box40
\beamer@frametitlebox=\box41
\beamer@zoombox=\box42
\beamer@zoomcount=\count133
\beamer@zoomframecount=\count134
\beamer@frametextheight=\dimen165
\c@subsectionslide=\count135
\beamer@frametopskip=\skip45
\beamer@framebottomskip=\skip46
\beamer@frametopskipautobreak=\skip47
\beamer@framebottomskipautobreak=\skip48
\beamer@envbody=\toks24
\framewidth=\dimen166
\c@framenumber=\count136
)
(/usr/local/texlive/2015/texmf-dist/tex/latex/beamer/beamerbaseverbatim.sty
Package: beamerbaseverbatim 2015/01/05  (rcs-revision 431510bb5890)
\beamer@verbatimfileout=\write4
)
(/usr/local/texlive/2015/texmf-dist/tex/latex/beamer/beamerbaseframesize.sty
Package: beamerbaseframesize 2011/09/12  (rcs-revision 70f9d8411e54)
\beamer@splitbox=\box43
\beamer@autobreakcount=\count137
\beamer@autobreaklastheight=\dimen167
\beamer@frametitletoks=\toks25
\beamer@framesubtitletoks=\toks26
)
(/usr/local/texlive/2015/texmf-dist/tex/latex/beamer/beamerbaseframecomponents.
sty
Package: beamerbaseframecomponents 2013/10/18  (rcs-revision 5cf6c5555a45)
\beamer@footins=\box44
) (/usr/local/texlive/2015/texmf-dist/tex/latex/beamer/beamerbasecolor.sty
Package: beamerbasecolor 2015/02/21  (rcs-revision d944b04ee2d5)
)
(/usr/local/texlive/2015/texmf-dist/tex/latex/beamer/beamerbasenotes.sty
Package: beamerbasenotes 2012/12/19  (rcs-revision 1686da3db3c9)
\beamer@frameboxcopy=\box45
)
(/usr/local/texlive/2015/texmf-dist/tex/latex/beamer/beamerbasetoc.sty
Package: beamerbasetoc 2015/03/08  (rcs-revision 7270298bbaae)
)
(/usr/local/texlive/2015/texmf-dist/tex/latex/beamer/beamerbasetemplates.sty
Package: beamerbasetemplates 2010/05/01  (rcs-revision efa082c6111d)
\beamer@sbttoks=\toks27

(/usr/local/texlive/2015/texmf-dist/tex/latex/beamer/beamerbaseauxtemplates.sty
Package: beamerbaseauxtemplates 2014/06/30  (rcs-revision 580088513a67)
(/usr/local/texlive/2015/texmf-dist/tex/latex/beamer/beamerbaseboxes.sty
Package: beamerbaseboxes 2012/05/13  (rcs-revision 56972908a390)
\bmb@box=\box46
\bmb@colorbox=\box47
\bmb@boxshadow=\box48
\bmb@boxshadowball=\box49
\bmb@boxshadowballlarge=\box50
\bmb@temp=\dimen168
\bmb@dima=\dimen169
\bmb@dimb=\dimen170
\bmb@prevheight=\dimen171
)
\beamer@blockheadheight=\dimen172
))
(/usr/local/texlive/2015/texmf-dist/tex/latex/beamer/beamerbaselocalstructure.s
ty
Package: beamerbaselocalstructure 2014/09/10  (rcs-revision 393f6dcff371)
 (/usr/local/texlive/2015/texmf-dist/tex/latex/tools/enumerate.sty
Package: enumerate 2014/10/28 v3.00 enumerate extensions (DPC)
\@enLab=\toks28
)
\c@figure=\count138
\c@table=\count139
\abovecaptionskip=\skip49
\belowcaptionskip=\skip50
)
(/usr/local/texlive/2015/texmf-dist/tex/latex/beamer/beamerbasenavigation.sty
Package: beamerbasenavigation 2015/02/27  (rcs-revision 923f4bf87efa)
\beamer@section@min@dim=\dimen173
)
(/usr/local/texlive/2015/texmf-dist/tex/latex/beamer/beamerbasetheorems.sty
Package: beamerbasetheorems 2010/06/06  (rcs-revision 7e7cc5e53e9d)

(/usr/local/texlive/2015/texmf-dist/tex/latex/amsmath/amsmath.sty
Package: amsmath 2013/01/14 v2.14 AMS math features
\@mathmargin=\skip51

For additional information on amsmath, use the `?' option.
(/usr/local/texlive/2015/texmf-dist/tex/latex/amsmath/amstext.sty
Package: amstext 2000/06/29 v2.01

(/usr/local/texlive/2015/texmf-dist/tex/latex/amsmath/amsgen.sty
File: amsgen.sty 1999/11/30 v2.0
\@emptytoks=\toks29
\ex@=\dimen174
))
(/usr/local/texlive/2015/texmf-dist/tex/latex/amsmath/amsbsy.sty
Package: amsbsy 1999/11/29 v1.2d
\pmbraise@=\dimen175
)
(/usr/local/texlive/2015/texmf-dist/tex/latex/amsmath/amsopn.sty
Package: amsopn 1999/12/14 v2.01 operator names
)
\inf@bad=\count140
LaTeX Info: Redefining \frac on input line 210.
\uproot@=\count141
\leftroot@=\count142
LaTeX Info: Redefining \overline on input line 306.
\classnum@=\count143
\DOTSCASE@=\count144
LaTeX Info: Redefining \ldots on input line 378.
LaTeX Info: Redefining \dots on input line 381.
LaTeX Info: Redefining \cdots on input line 466.
\Mathstrutbox@=\box51
\strutbox@=\box52
\big@size=\dimen176
LaTeX Font Info:    Redeclaring font encoding OML on input line 566.
LaTeX Font Info:    Redeclaring font encoding OMS on input line 567.
\macc@depth=\count145
\c@MaxMatrixCols=\count146
\dotsspace@=\muskip11
\c@parentequation=\count147
\dspbrk@lvl=\count148
\tag@help=\toks30
\row@=\count149
\column@=\count150
\maxfields@=\count151
\andhelp@=\toks31
\eqnshift@=\dimen177
\alignsep@=\dimen178
\tagshift@=\dimen179
\tagwidth@=\dimen180
\totwidth@=\dimen181
\lineht@=\dimen182
\@envbody=\toks32
\multlinegap=\skip52
\multlinetaggap=\skip53
\mathdisplay@stack=\toks33
LaTeX Info: Redefining \[ on input line 2665.
LaTeX Info: Redefining \] on input line 2666.
)
(/usr/local/texlive/2015/texmf-dist/tex/latex/amscls/amsthm.sty
Package: amsthm 2015/03/04 v2.20.2
\thm@style=\toks34
\thm@bodyfont=\toks35
\thm@headfont=\toks36
\thm@notefont=\toks37
\thm@headpunct=\toks38
\thm@preskip=\skip54
\thm@postskip=\skip55
\thm@headsep=\skip56
\dth@everypar=\toks39
)
\c@theorem=\count152
)
(/usr/local/texlive/2015/texmf-dist/tex/latex/beamer/beamerbasethemes.sty
Package: beamerbasethemes 2010/05/01  (rcs-revision efa082c6111d)
))
(/usr/local/texlive/2015/texmf-dist/tex/latex/beamer/themes/theme/beamerthemede
fault.sty
Package: beamerthemedefault 2010/06/17  (rcs-revision d02a7cf4d8ae)

(/usr/local/texlive/2015/texmf-dist/tex/latex/beamer/themes/font/beamerfontthem
edefault.sty
Package: beamerfontthemedefault 2012/12/19  (rcs-revision 1686da3db3c9)
)
(/usr/local/texlive/2015/texmf-dist/tex/latex/beamer/themes/color/beamercolorth
emedefault.sty
Package: beamercolorthemedefault 2012/12/19  (rcs-revision 1686da3db3c9)
)
(/usr/local/texlive/2015/texmf-dist/tex/latex/beamer/themes/inner/beamerinnerth
emedefault.sty
Package: beamerinnerthemedefault 2014/06/30  (rcs-revision 580088513a67)
\beamer@dima=\dimen183
\beamer@dimb=\dimen184
)
(/usr/local/texlive/2015/texmf-dist/tex/latex/beamer/themes/outer/beamerouterth
emedefault.sty
Package: beamerouterthemedefault 2012/12/19  (rcs-revision 1686da3db3c9)
))) (/usr/local/texlive/2015/texmf-dist/tex/latex/lm/lmodern.sty
Package: lmodern 2009/10/30 v1.6 Latin Modern Fonts
LaTeX Font Info:    Overwriting symbol font `operators' in version `normal'
(Font)                  OT1/cmr/m/n --> OT1/lmr/m/n on input line 22.
LaTeX Font Info:    Overwriting symbol font `letters' in version `normal'
(Font)                  OML/cmm/m/it --> OML/lmm/m/it on input line 23.
LaTeX Font Info:    Overwriting symbol font `symbols' in version `normal'
(Font)                  OMS/cmsy/m/n --> OMS/lmsy/m/n on input line 24.
LaTeX Font Info:    Overwriting symbol font `largesymbols' in version `normal'
(Font)                  OMX/cmex/m/n --> OMX/lmex/m/n on input line 25.
LaTeX Font Info:    Overwriting symbol font `operators' in version `bold'
(Font)                  OT1/cmr/bx/n --> OT1/lmr/bx/n on input line 26.
LaTeX Font Info:    Overwriting symbol font `letters' in version `bold'
(Font)                  OML/cmm/b/it --> OML/lmm/b/it on input line 27.
LaTeX Font Info:    Overwriting symbol font `symbols' in version `bold'
(Font)                  OMS/cmsy/b/n --> OMS/lmsy/b/n on input line 28.
LaTeX Font Info:    Overwriting symbol font `largesymbols' in version `bold'
(Font)                  OMX/cmex/m/n --> OMX/lmex/m/n on input line 29.
LaTeX Font Info:    Overwriting math alphabet `\mathbf' in version `normal'
(Font)                  OT1/cmr/bx/n --> OT1/lmr/bx/n on input line 31.
LaTeX Font Info:    Overwriting math alphabet `\mathsf' in version `normal'
(Font)                  OT1/cmss/m/n --> OT1/lmss/m/n on input line 32.
LaTeX Font Info:    Overwriting math alphabet `\mathit' in version `normal'
(Font)                  OT1/cmr/m/it --> OT1/lmr/m/it on input line 33.
LaTeX Font Info:    Overwriting math alphabet `\mathtt' in version `normal'
(Font)                  OT1/cmtt/m/n --> OT1/lmtt/m/n on input line 34.
LaTeX Font Info:    Overwriting math alphabet `\mathbf' in version `bold'
(Font)                  OT1/cmr/bx/n --> OT1/lmr/bx/n on input line 35.
LaTeX Font Info:    Overwriting math alphabet `\mathsf' in version `bold'
(Font)                  OT1/cmss/bx/n --> OT1/lmss/bx/n on input line 36.
LaTeX Font Info:    Overwriting math alphabet `\mathit' in version `bold'
(Font)                  OT1/cmr/bx/it --> OT1/lmr/bx/it on input line 37.
LaTeX Font Info:    Overwriting math alphabet `\mathtt' in version `bold'
(Font)                  OT1/cmtt/m/n --> OT1/lmtt/m/n on input line 38.
) (/usr/local/texlive/2015/texmf-dist/tex/latex/tools/array.sty
Package: array 2014/10/28 v2.4c Tabular extension package (FMi)
\col@sep=\dimen185
\extrarowheight=\dimen186
\NC@list=\toks40
\extratabsurround=\skip57
\backup@length=\skip58
)
(/Users/leviking/Library/texmf/tex/latex/tikz-dependency/tikz-dependency.sty
Package: tikz-dependency 2011/01/08 v1.1 Macros to draw dependency trees

(/Users/leviking/Library/texmf/tex/latex/pgf/frontendlayer/tikz.sty
(/Users/leviking/Library/texmf/tex/latex/pgf/basiclayer/pgf.sty
Package: pgf 2008/01/15 v2.10 (rcs-revision 1.12)

(/Users/leviking/Library/texmf/tex/generic/pgf/modules/pgfmoduleshapes.code.tex
File: pgfmoduleshapes.code.tex 2010/09/09  (rcs-revision 1.13)
\pgfnodeparttextbox=\box53
) (/Users/leviking/Library/texmf/tex/generic/pgf/modules/pgfmoduleplot.code.tex
File: pgfmoduleplot.code.tex 2010/10/22  (rcs-revision 1.8)
)
(/Users/leviking/Library/texmf/tex/latex/pgf/compatibility/pgfcomp-version-0-65
.sty
Package: pgfcomp-version-0-65 2007/07/03 v2.10 (rcs-revision 1.7)
\pgf@nodesepstart=\dimen187
\pgf@nodesepend=\dimen188
)
(/Users/leviking/Library/texmf/tex/latex/pgf/compatibility/pgfcomp-version-1-18
.sty
Package: pgfcomp-version-1-18 2007/07/23 v2.10 (rcs-revision 1.1)
)) (/Users/leviking/Library/texmf/tex/latex/pgf/utilities/pgffor.sty
(/Users/leviking/Library/texmf/tex/latex/pgf/utilities/pgfkeys.sty
(/Users/leviking/Library/texmf/tex/generic/pgf/utilities/pgfkeys.code.tex))
(/Users/leviking/Library/texmf/tex/generic/pgf/utilities/pgffor.code.tex
Package: pgffor 2010/03/23 v2.10 (rcs-revision 1.18)
\pgffor@iter=\dimen189
\pgffor@skip=\dimen190
\pgffor@stack=\toks41
\pgffor@toks=\toks42
))
(/Users/leviking/Library/texmf/tex/generic/pgf/frontendlayer/tikz/tikz.code.tex
Package: tikz 2010/10/13 v2.10 (rcs-revision 1.76)

(/Users/leviking/Library/texmf/tex/generic/pgf/libraries/pgflibraryplothandlers
.code.tex
File: pgflibraryplothandlers.code.tex 2010/05/31 v2.10 (rcs-revision 1.15)
\pgf@plot@mark@count=\count153
\pgfplotmarksize=\dimen191
)
\tikz@lastx=\dimen192
\tikz@lasty=\dimen193
\tikz@lastxsaved=\dimen194
\tikz@lastysaved=\dimen195
\tikzleveldistance=\dimen196
\tikzsiblingdistance=\dimen197
\tikz@figbox=\box54
\tikz@tempbox=\box55
\tikztreelevel=\count154
\tikznumberofchildren=\count155
\tikznumberofcurrentchild=\count156
\tikz@fig@count=\count157

(/Users/leviking/Library/texmf/tex/generic/pgf/modules/pgfmodulematrix.code.tex
File: pgfmodulematrix.code.tex 2010/08/24  (rcs-revision 1.4)
\pgfmatrixcurrentrow=\count158
\pgfmatrixcurrentcolumn=\count159
\pgf@matrix@numberofcolumns=\count160
)
\tikz@expandcount=\count161

(/Users/leviking/Library/texmf/tex/generic/pgf/frontendlayer/tikz/libraries/tik
zlibrarytopaths.code.tex
File: tikzlibrarytopaths.code.tex 2008/06/17 v2.10 (rcs-revision 1.2)
)))
(/usr/local/texlive/2015/texmf-dist/tex/latex/environ/environ.sty
Package: environ 2014/05/04 v0.3 A new way to define environments

(/usr/local/texlive/2015/texmf-dist/tex/latex/trimspaces/trimspaces.sty
Package: trimspaces 2009/09/17 v1.1 Trim spaces around a token list
))
(/Users/leviking/Library/texmf/tex/generic/pgf/frontendlayer/tikz/libraries/tik
zlibrarymatrix.code.tex
File: tikzlibrarymatrix.code.tex 2008/06/18 v2.10 (rcs-revision 1.2)
)
(/Users/leviking/Library/texmf/tex/generic/pgf/frontendlayer/tikz/libraries/tik
zlibraryarrows.code.tex
File: tikzlibraryarrows.code.tex 2008/01/09 v2.10 (rcs-revision 1.1)

(/Users/leviking/Library/texmf/tex/generic/pgf/libraries/pgflibraryarrows.code.
tex
File: pgflibraryarrows.code.tex 2008/10/27 v2.10 (rcs-revision 1.9)
\arrowsize=\dimen198
))
(/Users/leviking/Library/texmf/tex/generic/pgf/frontendlayer/tikz/libraries/tik
zlibrarybackgrounds.code.tex
File: tikzlibrarybackgrounds.code.tex 2010/02/08 v2.10 (rcs-revision 1.2)
\pgf@layerbox@background=\box56
\pgf@layerboxsaved@background=\box57
)
(/Users/leviking/Library/texmf/tex/generic/pgf/frontendlayer/tikz/libraries/tik
zlibrarycalc.code.tex
File: tikzlibrarycalc.code.tex 2009/09/04 v2.10 (rcs-revision 1.6)
)
(/Users/leviking/Library/texmf/tex/generic/pgf/frontendlayer/tikz/libraries/tik
zlibrarypatterns.code.tex
File: tikzlibrarypatterns.code.tex 2008/01/15 v2.10 (rcs-revision 1.2)

(/Users/leviking/Library/texmf/tex/generic/pgf/libraries/pgflibrarypatterns.cod
e.tex
File: pgflibrarypatterns.code.tex 2008/03/03 v2.10 (rcs-revision 1.13)
))
(/Users/leviking/Library/texmf/tex/generic/pgf/frontendlayer/tikz/libraries/tik
zlibrarypositioning.code.tex
File: tikzlibrarypositioning.code.tex 2008/10/06 v2.10 (rcs-revision 1.7)
)
(/Users/leviking/Library/texmf/tex/generic/pgf/frontendlayer/tikz/libraries/tik
zlibraryfit.code.tex
File: tikzlibraryfit.code.tex 2008/06/21 v2.10 (rcs-revision 1.3)
)
(/Users/leviking/Library/texmf/tex/generic/pgf/frontendlayer/tikz/libraries/tik
zlibraryshapes.code.tex
File: tikzlibraryshapes.code.tex 2008/01/09 v2.10 (rcs-revision 1.1)

(/Users/leviking/Library/texmf/tex/generic/pgf/frontendlayer/tikz/libraries/tik
zlibraryshapes.geometric.code.tex
File: tikzlibraryshapes.geometric.code.tex 2008/01/09 v2.10 (rcs-revision 1.1)

(/Users/leviking/Library/texmf/tex/generic/pgf/libraries/shapes/pgflibraryshape
s.geometric.code.tex
File: pgflibraryshapes.geometric.code.tex 2008/06/26 v2.10 (rcs-revision 1.1)
))
(/Users/leviking/Library/texmf/tex/generic/pgf/frontendlayer/tikz/libraries/tik
zlibraryshapes.misc.code.tex
File: tikzlibraryshapes.misc.code.tex 2008/01/09 v2.10 (rcs-revision 1.1)

(/Users/leviking/Library/texmf/tex/generic/pgf/libraries/shapes/pgflibraryshape
s.misc.code.tex
File: pgflibraryshapes.misc.code.tex 2008/10/07 v2.10 (rcs-revision 1.3)
))
(/Users/leviking/Library/texmf/tex/generic/pgf/frontendlayer/tikz/libraries/tik
zlibraryshapes.symbols.code.tex
File: tikzlibraryshapes.symbols.code.tex 2008/01/09 v2.10 (rcs-revision 1.1)

(/Users/leviking/Library/texmf/tex/generic/pgf/libraries/shapes/pgflibraryshape
s.symbols.code.tex
File: pgflibraryshapes.symbols.code.tex 2009/10/27 v2.10 (rcs-revision 1.3)
))
(/Users/leviking/Library/texmf/tex/generic/pgf/frontendlayer/tikz/libraries/tik
zlibraryshapes.arrows.code.tex
File: tikzlibraryshapes.arrows.code.tex 2008/01/09 v2.10 (rcs-revision 1.1)

(/Users/leviking/Library/texmf/tex/generic/pgf/libraries/shapes/pgflibraryshape
s.arrows.code.tex
File: pgflibraryshapes.arrows.code.tex 2008/06/26 v2.10 (rcs-revision 1.1)
))
(/Users/leviking/Library/texmf/tex/generic/pgf/frontendlayer/tikz/libraries/tik
zlibraryshapes.callouts.code.tex
(/Users/leviking/Library/texmf/tex/generic/pgf/libraries/shapes/pgflibraryshape
s.callouts.code.tex))
(/Users/leviking/Library/texmf/tex/generic/pgf/frontendlayer/tikz/libraries/tik
zlibraryshapes.multipart.code.tex
File: tikzlibraryshapes.multipart.code.tex 2008/01/09 v2.10 (rcs-revision 1.1)

(/Users/leviking/Library/texmf/tex/generic/pgf/libraries/shapes/pgflibraryshape
s.multipart.code.tex
File: pgflibraryshapes.multipart.code.tex 2010/01/07 v2.10 (rcs-revision 1.2)
\pgfnodepartlowerbox=\box58
\pgfnodeparttwobox=\box59
\pgfnodepartthreebox=\box60
\pgfnodepartfourbox=\box61
\pgfnodeparttwentybox=\box62
\pgfnodepartnineteenbox=\box63
\pgfnodeparteighteenbox=\box64
\pgfnodepartseventeenbox=\box65
\pgfnodepartsixteenbox=\box66
\pgfnodepartfifteenbox=\box67
\pgfnodepartfourteenbox=\box68
\pgfnodepartthirteenbox=\box69
\pgfnodeparttwelvebox=\box70
\pgfnodepartelevenbox=\box71
\pgfnodeparttenbox=\box72
\pgfnodepartninebox=\box73
\pgfnodeparteightbox=\box74
\pgfnodepartsevenbox=\box75
\pgfnodepartsixbox=\box76
\pgfnodepartfivebox=\box77
)))
\pgf@layerbox@depgroups=\box78
\pgf@layerboxsaved@depgroups=\box79
\c@dt@labelid=\count162
\xca=\skip59
\yca=\skip60
\xcb=\skip61
\ycb=\skip62
)
(/usr/local/texlive/2015/texmf-dist/tex/latex/natbib/natbib.sty
Package: natbib 2010/09/13 8.31b (PWD, AO)
\bibhang=\skip63
\bibsep=\skip64
LaTeX Info: Redefining \cite on input line 694.
\c@NAT@ctr=\count163
)
(/usr/local/texlive/2015/texmf-dist/tex/latex/gb4e/gb4e.sty
(/usr/local/texlive/2015/texmf-dist/tex/latex/gb4e/cgloss4e.sty
\lineone=\box80
\linetwo=\box81
\linethree=\box82
\wordone=\box83
\wordtwo=\box84
\wordthree=\box85
\gline=\box86
\glossglue=\skip65
)
\c@fnx=\count164
\@xnumdepth=\count165
\c@xnumi=\count166
\c@xnumii=\count167
\c@xnumiii=\count168
\c@xnumiv=\count169
\c@exx=\count170
\c@rxnumi=\count171
\c@rxnumii=\count172
\c@rxnumiii=\count173
\c@rxnumiv=\count174
\lcommentsep=\skip66
)
(/usr/local/texlive/2015/texmf-dist/tex/latex/tikz-qtree/tikz-qtree.sty
(/usr/local/texlive/2015/texmf-dist/tex/latex/tikz-qtree/pgftree.sty
(/usr/local/texlive/2015/texmf-dist/tex/latex/tikz-qtree/pgfsubpic.sty
(/usr/local/texlive/2015/texmf-dist/tex/latex/tikz-qtree/pgfsubpic.tex
\pgf@subpicminx=\dimen199
\pgf@subpicminy=\dimen200
\pgf@subpicmaxx=\dimen201
\pgf@subpicmaxy=\dimen202
))
(/usr/local/texlive/2015/texmf-dist/tex/latex/tikz-qtree/pgftree.tex
\levelsep=\dimen203
\subtreesep=\dimen204
\smuggle@levelsep=\dimen205
\smuggle@subtreesep=\dimen206
\this@levelsep=\dimen207
\this@subtreesep=\dimen208
\pgftree@childx=\dimen209
\pgftree@savechildx=\dimen210
\pgftree@childy=\dimen211
\pgftree@savechildy=\dimen212
\pgftree@childi=\count175
\pgftree@savechildi=\count176
\pgftree@level=\count177
\pgftree@depth=\dimen213
\pgf@subpic@hbox@children=\box87
\pgf@subpic@minx@children=\dimen214
\pgf@subpic@miny@children=\dimen215
\pgf@subpic@maxx@children=\dimen216
\pgf@subpic@maxy@children=\dimen217
\pgftree@lastchildx=\dimen218
\pgftree@lastchildy=\dimen219
))
(/usr/local/texlive/2015/texmf-dist/tex/latex/tikz-qtree/tikz-qtree.tex
\@result=\toks43
\child@list=\toks44
\root@node=\toks45
))
(/usr/local/texlive/2015/texmf-dist/tex/latex/multirow/multirow.sty
\bigstrutjot=\dimen220
)

Package hyperref Warning: Token not allowed in a PDF string (PDFDocEncoding):
(hyperref)                removing `\\' on input line 66.

(./LK-defense-draft.aux

LaTeX Warning: Label `fig:prep-dependency' multiply defined.

)
\openout1 = `LK-defense-draft.aux'.

LaTeX Font Info:    Checking defaults for OML/cmm/m/it on input line 72.
LaTeX Font Info:    ... okay on input line 72.
LaTeX Font Info:    Checking defaults for T1/cmr/m/n on input line 72.
LaTeX Font Info:    ... okay on input line 72.
LaTeX Font Info:    Checking defaults for OT1/cmr/m/n on input line 72.
LaTeX Font Info:    ... okay on input line 72.
LaTeX Font Info:    Checking defaults for OMS/cmsy/m/n on input line 72.
LaTeX Font Info:    ... okay on input line 72.
LaTeX Font Info:    Checking defaults for OMX/cmex/m/n on input line 72.
LaTeX Font Info:    ... okay on input line 72.
LaTeX Font Info:    Checking defaults for U/cmr/m/n on input line 72.
LaTeX Font Info:    ... okay on input line 72.
LaTeX Font Info:    Checking defaults for PD1/pdf/m/n on input line 72.
LaTeX Font Info:    ... okay on input line 72.
LaTeX Font Info:    Try loading font information for OT1+lmss on input line 72.

 (/usr/local/texlive/2015/texmf-dist/tex/latex/lm/ot1lmss.fd
File: ot1lmss.fd 2009/10/30 v1.6 Font defs for Latin Modern
)
*geometry* driver: auto-detecting
*geometry* detected driver: pdftex
*geometry* verbose mode - [ preamble ] result:
* driver: pdftex
* paper: custom
* layout: <same size as paper>
* layoutoffset:(h,v)=(0.0pt,0.0pt)
* modes: includehead includefoot 
* h-part:(L,W,R)=(28.45274pt, 307.28987pt, 28.45274pt)
* v-part:(T,H,B)=(0.0pt, 273.14662pt, 0.0pt)
* \paperwidth=364.19536pt
* \paperheight=273.14662pt
* \textwidth=307.28987pt
* \textheight=244.6939pt
* \oddsidemargin=-43.81725pt
* \evensidemargin=-43.81725pt
* \topmargin=-72.26999pt
* \headheight=14.22636pt
* \headsep=0.0pt
* \topskip=11.0pt
* \footskip=14.22636pt
* \marginparwidth=4.0pt
* \marginparsep=10.0pt
* \columnsep=10.0pt
* \skip\footins=10.0pt plus 4.0pt minus 2.0pt
* \hoffset=0.0pt
* \voffset=0.0pt
* \mag=1000
* \@twocolumnfalse
* \@twosidefalse
* \@mparswitchfalse
* \@reversemarginfalse
* (1in=72.27pt=25.4mm, 1cm=28.453pt)

(/usr/local/texlive/2015/texmf-dist/tex/context/base/supp-pdf.mkii
[Loading MPS to PDF converter (version 2006.09.02).]
\scratchcounter=\count178
\scratchdimen=\dimen221
\scratchbox=\box88
\nofMPsegments=\count179
\nofMParguments=\count180
\everyMPshowfont=\toks46
\MPscratchCnt=\count181
\MPscratchDim=\dimen222
\MPnumerator=\count182
\makeMPintoPDFobject=\count183
\everyMPtoPDFconversion=\toks47
) (/usr/local/texlive/2015/texmf-dist/tex/latex/oberdiek/epstopdf-base.sty
Package: epstopdf-base 2010/02/09 v2.5 Base part for package epstopdf

(/usr/local/texlive/2015/texmf-dist/tex/latex/oberdiek/grfext.sty
Package: grfext 2010/08/19 v1.1 Manage graphics extensions (HO)
)
Package grfext Info: Graphics extension search list:
(grfext)             [.png,.pdf,.jpg,.mps,.jpeg,.jbig2,.jb2,.PNG,.PDF,.JPG,.JPE
G,.JBIG2,.JB2,.eps]
(grfext)             \AppendGraphicsExtensions on input line 452.

(/usr/local/texlive/2015/texmf-dist/tex/latex/latexconfig/epstopdf-sys.cfg
File: epstopdf-sys.cfg 2010/07/13 v1.3 Configuration of (r)epstopdf for TeX Liv
e
))
ABD: EveryShipout initializing macros
\AtBeginShipoutBox=\box89
Package hyperref Info: Link coloring OFF on input line 72.

(/usr/local/texlive/2015/texmf-dist/tex/latex/hyperref/nameref.sty
Package: nameref 2012/10/27 v2.43 Cross-referencing by name of section

(/usr/local/texlive/2015/texmf-dist/tex/generic/oberdiek/gettitlestring.sty
Package: gettitlestring 2010/12/03 v1.4 Cleanup title references (HO)
)
\c@section@level=\count184
)
LaTeX Info: Redefining \ref on input line 72.
LaTeX Info: Redefining \pageref on input line 72.
LaTeX Info: Redefining \nameref on input line 72.

(./LK-defense-draft.out) (./LK-defense-draft.out)
\@outlinefile=\write5
\openout5 = `LK-defense-draft.out'.

LaTeX Font Info:    Overwriting symbol font `operators' in version `normal'
(Font)                  OT1/lmr/m/n --> OT1/cmss/m/n on input line 72.
LaTeX Font Info:    Overwriting symbol font `operators' in version `bold'
(Font)                  OT1/lmr/bx/n --> OT1/cmss/bx/n on input line 72.
LaTeX Font Info:    Overwriting symbol font `operators' in version `normal'
(Font)                  OT1/cmss/m/n --> OT1/lmss/m/n on input line 72.
LaTeX Font Info:    Overwriting symbol font `operators' in version `bold'
(Font)                  OT1/cmss/bx/n --> OT1/lmss/bx/n on input line 72.
\symnumbers=\mathgroup6
\sympureletters=\mathgroup7
LaTeX Font Info:    Overwriting math alphabet `\mathrm' in version `normal'
(Font)                  OT1/lmss/m/n --> OT1/lmr/m/n on input line 72.
LaTeX Font Info:    Redeclaring math alphabet \mathbf on input line 72.
LaTeX Font Info:    Overwriting math alphabet `\mathbf' in version `normal'
(Font)                  OT1/lmr/bx/n --> OT1/lmss/bx/n on input line 72.
LaTeX Font Info:    Overwriting math alphabet `\mathbf' in version `bold'
(Font)                  OT1/lmr/bx/n --> OT1/lmss/bx/n on input line 72.
LaTeX Font Info:    Redeclaring math alphabet \mathsf on input line 72.
LaTeX Font Info:    Overwriting math alphabet `\mathsf' in version `normal'
(Font)                  OT1/lmss/m/n --> OT1/lmss/m/n on input line 72.
LaTeX Font Info:    Overwriting math alphabet `\mathsf' in version `bold'
(Font)                  OT1/lmss/bx/n --> OT1/lmss/m/n on input line 72.
LaTeX Font Info:    Redeclaring math alphabet \mathit on input line 72.
LaTeX Font Info:    Overwriting math alphabet `\mathit' in version `normal'
(Font)                  OT1/lmr/m/it --> OT1/lmss/m/it on input line 72.
LaTeX Font Info:    Overwriting math alphabet `\mathit' in version `bold'
(Font)                  OT1/lmr/bx/it --> OT1/lmss/m/it on input line 72.
LaTeX Font Info:    Redeclaring math alphabet \mathtt on input line 72.
LaTeX Font Info:    Overwriting math alphabet `\mathtt' in version `normal'
(Font)                  OT1/lmtt/m/n --> OT1/lmtt/m/n on input line 72.
LaTeX Font Info:    Overwriting math alphabet `\mathtt' in version `bold'
(Font)                  OT1/lmtt/m/n --> OT1/lmtt/m/n on input line 72.
LaTeX Font Info:    Overwriting symbol font `numbers' in version `bold'
(Font)                  OT1/lmss/m/n --> OT1/lmss/bx/n on input line 72.
LaTeX Font Info:    Overwriting symbol font `pureletters' in version `bold'
(Font)                  OT1/lmss/m/it --> OT1/lmss/bx/it on input line 72.
LaTeX Font Info:    Overwriting math alphabet `\mathrm' in version `bold'
(Font)                  OT1/lmss/bx/n --> OT1/lmr/bx/n on input line 72.
LaTeX Font Info:    Overwriting math alphabet `\mathbf' in version `bold'
(Font)                  OT1/lmss/bx/n --> OT1/lmss/bx/n on input line 72.
LaTeX Font Info:    Overwriting math alphabet `\mathsf' in version `bold'
(Font)                  OT1/lmss/m/n --> OT1/lmss/bx/n on input line 72.
LaTeX Font Info:    Overwriting math alphabet `\mathit' in version `bold'
(Font)                  OT1/lmss/m/it --> OT1/lmss/bx/it on input line 72.
LaTeX Font Info:    Overwriting math alphabet `\mathtt' in version `bold'
(Font)                  OT1/lmtt/m/n --> OT1/lmtt/bx/n on input line 72.

(/usr/local/texlive/2015/texmf-dist/tex/latex/beamer/translator/dicts/translato
r-basic-dictionary/translator-basic-dictionary-English.dict
Dictionary: translator-basic-dictionary, Language: English 
)
(/usr/local/texlive/2015/texmf-dist/tex/latex/beamer/translator/dicts/translato
r-bibliography-dictionary/translator-bibliography-dictionary-English.dict
Dictionary: translator-bibliography-dictionary, Language: English 
)
(/usr/local/texlive/2015/texmf-dist/tex/latex/beamer/translator/dicts/translato
r-environment-dictionary/translator-environment-dictionary-English.dict
Dictionary: translator-environment-dictionary, Language: English 
)
(/usr/local/texlive/2015/texmf-dist/tex/latex/beamer/translator/dicts/translato
r-months-dictionary/translator-months-dictionary-English.dict
Dictionary: translator-months-dictionary, Language: English 
)
(/usr/local/texlive/2015/texmf-dist/tex/latex/beamer/translator/dicts/translato
r-numbers-dictionary/translator-numbers-dictionary-English.dict
Dictionary: translator-numbers-dictionary, Language: English 
)
(/usr/local/texlive/2015/texmf-dist/tex/latex/beamer/translator/dicts/translato
r-theorem-dictionary/translator-theorem-dictionary-English.dict
Dictionary: translator-theorem-dictionary, Language: English 
)
LaTeX Info: Redefining \includegraphics on input line 72.

(./LK-defense-draft.nav) [1

{/usr/local/texlive/2015/texmf-var/fonts/map/pdftex/updmap/pdftex.map}]
LaTeX Font Info:    Font shape `OT1/lmss/m/it' in size <10.95> not available
(Font)              Font shape `OT1/lmss/m/sl' tried instead on input line 102.

LaTeX Font Info:    Try loading font information for OML+lmm on input line 102.

 (/usr/local/texlive/2015/texmf-dist/tex/latex/lm/omllmm.fd
File: omllmm.fd 2009/10/30 v1.6 Font defs for Latin Modern
)
LaTeX Font Info:    Try loading font information for OMS+lmsy on input line 102
.
(/usr/local/texlive/2015/texmf-dist/tex/latex/lm/omslmsy.fd
File: omslmsy.fd 2009/10/30 v1.6 Font defs for Latin Modern
)
LaTeX Font Info:    Try loading font information for OMX+lmex on input line 102
.

(/usr/local/texlive/2015/texmf-dist/tex/latex/lm/omxlmex.fd
File: omxlmex.fd 2009/10/30 v1.6 Font defs for Latin Modern
)
LaTeX Font Info:    External font `lmex10' loaded for size
(Font)              <8> on input line 102.
LaTeX Font Info:    External font `lmex10' loaded for size
(Font)              <6> on input line 102.
LaTeX Font Info:    External font `lmex10' loaded for size
(Font)              <5> on input line 102.
LaTeX Font Info:    Try loading font information for U+msa on input line 102.

(/usr/local/texlive/2015/texmf-dist/tex/latex/amsfonts/umsa.fd
File: umsa.fd 2013/01/14 v3.01 AMS symbols A
)
LaTeX Font Info:    Try loading font information for U+msb on input line 102.

(/usr/local/texlive/2015/texmf-dist/tex/latex/amsfonts/umsb.fd
File: umsb.fd 2013/01/14 v3.01 AMS symbols B
)
LaTeX Font Info:    Font shape `OT1/lmss/m/it' in size <8> not available
(Font)              Font shape `OT1/lmss/m/sl' tried instead on input line 102.

LaTeX Font Info:    Font shape `OT1/lmss/m/it' in size <6> not available
(Font)              Font shape `OT1/lmss/m/sl' tried instead on input line 102.

LaTeX Font Info:    Font shape `OT1/lmss/m/it' in size <5> not available
(Font)              Font shape `OT1/lmss/m/sl' tried instead on input line 102.

LaTeX Font Info:    Font shape `OT1/lmss/m/it' in size <10> not available
(Font)              Font shape `OT1/lmss/m/sl' tried instead on input line 102.

LaTeX Font Info:    External font `lmex10' loaded for size
(Font)              <10.95> on input line 102.
 [2

] [3

]
[4

] [5

] [6

] [7

] [8

] [9

] [10

] [11

]
Overfull \vbox (2.6713pt too high) detected at line 160
 []

[12

]
Overfull \vbox (2.6713pt too high) detected at line 160
 []

[13

]
Overfull \vbox (2.6713pt too high) detected at line 160
 []

[14

]
Overfull \vbox (2.6713pt too high) detected at line 160
 []

[15

]
Overfull \vbox (2.6713pt too high) detected at line 160
 []

[16

]
Overfull \vbox (2.6713pt too high) detected at line 160
 []

[17

]
Overfull \vbox (2.6713pt too high) detected at line 160
 []

[18

]
Overfull \hbox (4.54683pt too wide) detected at line 268
[][][][] $[]$[][][][][][][][] $[]$[][][][][][][][] $[]$[][][][][][][][] $[]$[][
][][][][] 
 []

[19

]
Overfull \hbox (4.54683pt too wide) detected at line 268
[][][][][] $[]$[][][][][][][][] $[]$[][][][][][][][] $[]$[][][][][][][][] $[]$[
][][][][][] 
 []

[20

]
Overfull \hbox (4.54683pt too wide) detected at line 268
[][][][][] $[]$[][][][][][][][] $[]$[][][][][][][][] $[]$[][][][][][][][] $[]$[
][][][][][] 
 []

[21

]
LaTeX Font Info:    External font `lmex10' loaded for size
(Font)              <9> on input line 321.
LaTeX Font Info:    Font shape `OT1/lmss/m/it' in size <9> not available
(Font)              Font shape `OT1/lmss/m/sl' tried instead on input line 321.

LaTeX Font Info:    External font `lmex10' loaded for size
(Font)              <10> on input line 321.
LaTeX Font Info:    External font `lmex10' loaded for size
(Font)              <7> on input line 321.
LaTeX Font Info:    Font shape `OT1/lmss/m/it' in size <7> not available
(Font)              Font shape `OT1/lmss/m/sl' tried instead on input line 321.

 [22

] [23

] [24

] [25

] [26

] [27

] [28

] [29

]
<figures/throw-original.jpg, id=760, 289.08pt x 247.92625pt>
File: figures/throw-original.jpg Graphic file (type jpg)

<use figures/throw-original.jpg>
Package pdftex.def Info: figures/throw-original.jpg used on input line 343.
(pdftex.def)             Requested size: 116.77164pt x 100.14476pt.

<figures/I21cropped.jpg, id=761, 289.08pt x 247.92625pt>
File: figures/I21cropped.jpg Graphic file (type jpg)

<use figures/I21cropped.jpg>
Package pdftex.def Info: figures/I21cropped.jpg used on input line 343.
(pdftex.def)             Requested size: 116.77164pt x 100.14476pt.
 [30

 <./figures/throw-original.jpg> <./figures/I21cropped.jpg>] <figures/I10.jpg, i
d=788, 301.125pt x 401.5pt>
File: figures/I10.jpg Graphic file (type jpg)

<use figures/I10.jpg>
Package pdftex.def Info: figures/I10.jpg used on input line 377.
(pdftex.def)             Requested size: 101.40622pt x 101.40695pt.
File: figures/I10.jpg Graphic file (type jpg)
 <use figures/I10.jpg>
Package pdftex.def Info: figures/I10.jpg used on input line 377.
(pdftex.def)             Requested size: 101.40622pt x 101.40695pt.
LaTeX Font Info:    Font shape `OT1/lmss/bx/it' in size <10.95> not available
(Font)              Font shape `OT1/lmss/bx/sl' tried instead on input line 377
.

Overfull \hbox (2.43767pt too wide) in paragraph at lines 377--377
 [] 
 []

[31

 <./figures/I10.jpg>] <figures/I20.jpg, id=820, 301.125pt x 401.5pt>
File: figures/I20.jpg Graphic file (type jpg)

<use figures/I20.jpg>
Package pdftex.def Info: figures/I20.jpg used on input line 400.
(pdftex.def)             Requested size: 61.45703pt x 81.94044pt.
 <figures/I02.jpg, id=821, 301.125pt x 401.5pt>
File: figures/I02.jpg Graphic file (type jpg)

<use figures/I02.jpg>
Package pdftex.def Info: figures/I02.jpg used on input line 400.
(pdftex.def)             Requested size: 61.45703pt x 81.94044pt.
 <figures/I17.jpg, id=822, 301.125pt x 401.5pt>
File: figures/I17.jpg Graphic file (type jpg)

<use figures/I17.jpg>
Package pdftex.def Info: figures/I17.jpg used on input line 400.
(pdftex.def)             Requested size: 76.82246pt x 71.79803pt.

Overfull \hbox (17.68292pt too wide) in paragraph at lines 400--400
 [] 
 []

[32

 <./figures/I17.jpg> <./figures/I20.jpg> <./figures/I02.jpg>]
<figures/rake.jpg, id=850, 1469.49pt x 921.4425pt>
File: figures/rake.jpg Graphic file (type jpg)
 <use figures/rake.jpg>
Package pdftex.def Info: figures/rake.jpg used on input line 437.
(pdftex.def)             Requested size: 104.47742pt x 85.07465pt.

Overfull \vbox (4.15475pt too high) detected at line 437
 []


Overfull \hbox (4.89278pt too wide) in paragraph at lines 437--437
 []|[]| 
 []


Overfull \hbox (2.43765pt too wide) in paragraph at lines 437--437
 [] 
 []

[33

 <./figures/rake.jpg>]
LaTeX Font Info:    Try loading font information for OT1+lmtt on input line 502
.

(/usr/local/texlive/2015/texmf-dist/tex/latex/lm/ot1lmtt.fd
File: ot1lmtt.fd 2009/10/30 v1.6 Font defs for Latin Modern
) [34

] [35

] [36

]
[37

] [38

] [39

] [40

]
LaTeX Font Info:    Try loading font information for OT1+lmr on input line 527.

 (/usr/local/texlive/2015/texmf-dist/tex/latex/lm/ot1lmr.fd
File: ot1lmr.fd 2009/10/30 v1.6 Font defs for Latin Modern
)

LaTeX Font Warning: Font shape `OT1/lmss/m/sc' in size <10> not available
(Font)              Font shape `OT1/lmr/m/sc' tried instead on input line 527.

[41

] [42

] [43

] [44

] [45

] [46

] [47

] [48

] [49

] [50

] [51

]
File: figures/I02.jpg Graphic file (type jpg)
 <use figures/I02.jpg>
Package pdftex.def Info: figures/I02.jpg used on input line 561.
(pdftex.def)             Requested size: 76.82246pt x 102.42708pt.

[52

] [53

] [54

] [55

] [56

] [57

] [58

] [59

] [60

]

LaTeX Font Warning: Font shape `OT1/lmss/m/sc' in size <10.95> not available
(Font)              Font shape `OT1/lmr/m/sc' tried instead on input line 652.

[61

] [62

] [63

] [64

]
Overfull \hbox (3.08084pt too wide) in paragraph at lines 703--703
[]|\OT1/lmss/m/n/9 WAR| 
 []


Overfull \hbox (1.15266pt too wide) in paragraph at lines 703--703
[]|\OT1/lmss/m/n/9 0.365| 
 []


Overfull \hbox (1.15266pt too wide) in paragraph at lines 703--703
[]|\OT1/lmss/m/n/9 0.093| 
 []


Overfull \hbox (1.15266pt too wide) in paragraph at lines 703--703
[]|\OT1/lmss/m/n/9 0.055| 
 []


Overfull \hbox (1.15266pt too wide) in paragraph at lines 703--703
[]|\OT1/lmss/m/n/9 0.224| 
 []


Overfull \hbox (1.15266pt too wide) in paragraph at lines 703--703
[]|\OT1/lmss/m/n/9 0.263| 
 []


Overfull \hbox (1.15266pt too wide) in paragraph at lines 703--703
[]|\OT1/lmss/m/n/9 1.000| 
 []


Overfull \hbox (1.15266pt too wide) in paragraph at lines 703--703
[]|\OT1/lmss/m/n/9 0.365| 
 []


Overfull \hbox (1.15266pt too wide) in paragraph at lines 703--703
[]|\OT1/lmss/m/n/9 0.093| 
 []


Overfull \hbox (1.15266pt too wide) in paragraph at lines 703--703
[]|\OT1/lmss/m/n/9 0.000| 
 []


Overfull \hbox (1.15266pt too wide) in paragraph at lines 703--703
[]|\OT1/lmss/m/n/9 0.224| 
 []


Overfull \hbox (1.15266pt too wide) in paragraph at lines 703--703
[]|\OT1/lmss/m/n/9 0.263| 
 []


Overfull \hbox (1.15266pt too wide) in paragraph at lines 703--703
[]|\OT1/lmss/m/n/9 0.945| 
 []


Underfull \hbox (badness 6284) in paragraph at lines 703--703
[]|\OT1/lmss/m/n/9 Tommy is eat-ing
 []


Overfull \hbox (1.15266pt too wide) in paragraph at lines 703--703
[]|\OT1/lmss/m/n/9 0.365| 
 []


Overfull \hbox (1.15266pt too wide) in paragraph at lines 703--703
[]|\OT1/lmss/m/n/9 0.093| 
 []


Overfull \hbox (1.15266pt too wide) in paragraph at lines 703--703
[]|\OT1/lmss/m/n/9 0.055| 
 []


Overfull \hbox (1.15266pt too wide) in paragraph at lines 703--703
[]|\OT1/lmss/m/n/9 0.224| 
 []


Overfull \hbox (1.15266pt too wide) in paragraph at lines 703--703
[]|\OT1/lmss/m/n/9 0.000| 
 []


Overfull \hbox (1.15266pt too wide) in paragraph at lines 703--703
[]|\OT1/lmss/m/n/9 0.737| 
 []


Overfull \hbox (1.15266pt too wide) in paragraph at lines 703--703
[]|\OT1/lmss/m/n/9 0.000| 
 []


Overfull \hbox (1.15266pt too wide) in paragraph at lines 703--703
[]|\OT1/lmss/m/n/9 0.093| 
 []


Overfull \hbox (1.15266pt too wide) in paragraph at lines 703--703
[]|\OT1/lmss/m/n/9 0.055| 
 []


Overfull \hbox (1.15266pt too wide) in paragraph at lines 703--703
[]|\OT1/lmss/m/n/9 0.000| 
 []


Overfull \hbox (1.15266pt too wide) in paragraph at lines 703--703
[]|\OT1/lmss/m/n/9 0.000| 
 []


Overfull \hbox (1.15266pt too wide) in paragraph at lines 703--703
[]|\OT1/lmss/m/n/9 0.513| 
 []


Overfull \hbox (1.15266pt too wide) in paragraph at lines 703--703
[]|\OT1/lmss/m/n/9 0.000| 
 []


Overfull \hbox (1.15266pt too wide) in paragraph at lines 703--703
[]|\OT1/lmss/m/n/9 0.000| 
 []


Overfull \hbox (1.15266pt too wide) in paragraph at lines 703--703
[]|\OT1/lmss/m/n/9 0.055| 
 []


Overfull \hbox (1.15266pt too wide) in paragraph at lines 703--703
[]|\OT1/lmss/m/n/9 0.000| 
 []


Overfull \hbox (1.15266pt too wide) in paragraph at lines 703--703
[]|\OT1/lmss/m/n/9 0.000| 
 []


Overfull \hbox (1.15266pt too wide) in paragraph at lines 703--703
[]|\OT1/lmss/m/n/9 0.055| 
 []


Overfull \hbox (8.10527pt too wide) in paragraph at lines 703--703
 [] 
 []

[65

]
Overfull \hbox (3.08084pt too wide) in paragraph at lines 703--703
[]|\OT1/lmss/m/n/9 WAR| 
 []


Overfull \hbox (1.15266pt too wide) in paragraph at lines 703--703
[]|\OT1/lmss/m/n/9 0.365| 
 []


Overfull \hbox (1.15266pt too wide) in paragraph at lines 703--703
[]|\OT1/lmss/m/n/9 0.093| 
 []


Overfull \hbox (1.15266pt too wide) in paragraph at lines 703--703
[]|\OT1/lmss/m/n/9 0.055| 
 []


Overfull \hbox (1.15266pt too wide) in paragraph at lines 703--703
[]|\OT1/lmss/m/n/9 0.224| 
 []


Overfull \hbox (1.15266pt too wide) in paragraph at lines 703--703
[]|\OT1/lmss/m/n/9 0.263| 
 []


Overfull \hbox (1.15266pt too wide) in paragraph at lines 703--703
[]|\OT1/lmss/m/n/9 1.000| 
 []


Overfull \hbox (1.15266pt too wide) in paragraph at lines 703--703
[]|\OT1/lmss/m/n/9 0.365| 
 []


Overfull \hbox (1.15266pt too wide) in paragraph at lines 703--703
[]|\OT1/lmss/m/n/9 0.093| 
 []


Overfull \hbox (1.15266pt too wide) in paragraph at lines 703--703
[]|\OT1/lmss/m/n/9 0.000| 
 []


Overfull \hbox (1.15266pt too wide) in paragraph at lines 703--703
[]|\OT1/lmss/m/n/9 0.224| 
 []


Overfull \hbox (1.15266pt too wide) in paragraph at lines 703--703
[]|\OT1/lmss/m/n/9 0.263| 
 []


Overfull \hbox (1.15266pt too wide) in paragraph at lines 703--703
[]|\OT1/lmss/m/n/9 0.945| 
 []


Underfull \hbox (badness 6284) in paragraph at lines 703--703
[]|\OT1/lmss/m/n/9 Tommy is eat-ing
 []


Overfull \hbox (1.15266pt too wide) in paragraph at lines 703--703
[]|\OT1/lmss/m/n/9 0.365| 
 []


Overfull \hbox (1.15266pt too wide) in paragraph at lines 703--703
[]|\OT1/lmss/m/n/9 0.093| 
 []


Overfull \hbox (1.15266pt too wide) in paragraph at lines 703--703
[]|\OT1/lmss/m/n/9 0.055| 
 []


Overfull \hbox (1.15266pt too wide) in paragraph at lines 703--703
[]|\OT1/lmss/m/n/9 0.224| 
 []


Overfull \hbox (1.15266pt too wide) in paragraph at lines 703--703
[]|\OT1/lmss/m/n/9 0.000| 
 []


Overfull \hbox (1.15266pt too wide) in paragraph at lines 703--703
[]|\OT1/lmss/m/n/9 0.737| 
 []


Overfull \hbox (1.15266pt too wide) in paragraph at lines 703--703
[]|\OT1/lmss/m/n/9 0.000| 
 []


Overfull \hbox (1.15266pt too wide) in paragraph at lines 703--703
[]|\OT1/lmss/m/n/9 0.093| 
 []


Overfull \hbox (1.15266pt too wide) in paragraph at lines 703--703
[]|\OT1/lmss/m/n/9 0.055| 
 []


Overfull \hbox (1.15266pt too wide) in paragraph at lines 703--703
[]|\OT1/lmss/m/n/9 0.000| 
 []


Overfull \hbox (1.15266pt too wide) in paragraph at lines 703--703
[]|\OT1/lmss/m/n/9 0.000| 
 []


Overfull \hbox (1.15266pt too wide) in paragraph at lines 703--703
[]|\OT1/lmss/m/n/9 0.513| 
 []


Overfull \hbox (1.15266pt too wide) in paragraph at lines 703--703
[]|\OT1/lmss/m/n/9 0.000| 
 []


Overfull \hbox (1.15266pt too wide) in paragraph at lines 703--703
[]|\OT1/lmss/m/n/9 0.000| 
 []


Overfull \hbox (1.15266pt too wide) in paragraph at lines 703--703
[]|\OT1/lmss/m/n/9 0.055| 
 []


Overfull \hbox (1.15266pt too wide) in paragraph at lines 703--703
[]|\OT1/lmss/m/n/9 0.000| 
 []


Overfull \hbox (1.15266pt too wide) in paragraph at lines 703--703
[]|\OT1/lmss/m/n/9 0.000| 
 []


Overfull \hbox (1.15266pt too wide) in paragraph at lines 703--703
[]|\OT1/lmss/m/n/9 0.055| 
 []


Overfull \hbox (8.10527pt too wide) in paragraph at lines 703--703
 [] 
 []

[66

]
Overfull \hbox (3.08084pt too wide) in paragraph at lines 703--703
[]|\OT1/lmss/m/n/9 WAR| 
 []


Overfull \hbox (1.15266pt too wide) in paragraph at lines 703--703
[]|\OT1/lmss/m/n/9 0.365| 
 []


Overfull \hbox (1.15266pt too wide) in paragraph at lines 703--703
[]|\OT1/lmss/m/n/9 0.093| 
 []


Overfull \hbox (1.15266pt too wide) in paragraph at lines 703--703
[]|\OT1/lmss/m/n/9 0.055| 
 []


Overfull \hbox (1.15266pt too wide) in paragraph at lines 703--703
[]|\OT1/lmss/m/n/9 0.224| 
 []


Overfull \hbox (1.15266pt too wide) in paragraph at lines 703--703
[]|\OT1/lmss/m/n/9 0.263| 
 []


Overfull \hbox (1.15266pt too wide) in paragraph at lines 703--703
[]|\OT1/lmss/m/n/9 1.000| 
 []


Overfull \hbox (1.15266pt too wide) in paragraph at lines 703--703
[]|\OT1/lmss/m/n/9 0.365| 
 []


Overfull \hbox (1.15266pt too wide) in paragraph at lines 703--703
[]|\OT1/lmss/m/n/9 0.093| 
 []


Overfull \hbox (1.15266pt too wide) in paragraph at lines 703--703
[]|\OT1/lmss/m/n/9 0.000| 
 []


Overfull \hbox (1.15266pt too wide) in paragraph at lines 703--703
[]|\OT1/lmss/m/n/9 0.224| 
 []


Overfull \hbox (1.15266pt too wide) in paragraph at lines 703--703
[]|\OT1/lmss/m/n/9 0.263| 
 []


Overfull \hbox (1.15266pt too wide) in paragraph at lines 703--703
[]|\OT1/lmss/m/n/9 0.945| 
 []


Underfull \hbox (badness 6284) in paragraph at lines 703--703
[]|\OT1/lmss/m/n/9 Tommy is eat-ing
 []


Overfull \hbox (1.15266pt too wide) in paragraph at lines 703--703
[]|\OT1/lmss/m/n/9 0.365| 
 []


Overfull \hbox (1.15266pt too wide) in paragraph at lines 703--703
[]|\OT1/lmss/m/n/9 0.093| 
 []


Overfull \hbox (1.15266pt too wide) in paragraph at lines 703--703
[]|\OT1/lmss/m/n/9 0.055| 
 []


Overfull \hbox (1.15266pt too wide) in paragraph at lines 703--703
[]|\OT1/lmss/m/n/9 0.224| 
 []


Overfull \hbox (1.15266pt too wide) in paragraph at lines 703--703
[]|\OT1/lmss/m/n/9 0.000| 
 []


Overfull \hbox (1.15266pt too wide) in paragraph at lines 703--703
[]|\OT1/lmss/m/n/9 0.737| 
 []


Overfull \hbox (1.15266pt too wide) in paragraph at lines 703--703
[]|\OT1/lmss/m/n/9 0.000| 
 []


Overfull \hbox (1.15266pt too wide) in paragraph at lines 703--703
[]|\OT1/lmss/m/n/9 0.093| 
 []


Overfull \hbox (1.15266pt too wide) in paragraph at lines 703--703
[]|\OT1/lmss/m/n/9 0.055| 
 []


Overfull \hbox (1.15266pt too wide) in paragraph at lines 703--703
[]|\OT1/lmss/m/n/9 0.000| 
 []


Overfull \hbox (1.15266pt too wide) in paragraph at lines 703--703
[]|\OT1/lmss/m/n/9 0.000| 
 []


Overfull \hbox (1.15266pt too wide) in paragraph at lines 703--703
[]|\OT1/lmss/m/n/9 0.513| 
 []


Overfull \hbox (1.15266pt too wide) in paragraph at lines 703--703
[]|\OT1/lmss/m/n/9 0.000| 
 []


Overfull \hbox (1.15266pt too wide) in paragraph at lines 703--703
[]|\OT1/lmss/m/n/9 0.000| 
 []


Overfull \hbox (1.15266pt too wide) in paragraph at lines 703--703
[]|\OT1/lmss/m/n/9 0.055| 
 []


Overfull \hbox (1.15266pt too wide) in paragraph at lines 703--703
[]|\OT1/lmss/m/n/9 0.000| 
 []


Overfull \hbox (1.15266pt too wide) in paragraph at lines 703--703
[]|\OT1/lmss/m/n/9 0.000| 
 []


Overfull \hbox (1.15266pt too wide) in paragraph at lines 703--703
[]|\OT1/lmss/m/n/9 0.055| 
 []


Overfull \hbox (8.10527pt too wide) in paragraph at lines 703--703
 [] 
 []

[67

]
Overfull \hbox (3.08084pt too wide) in paragraph at lines 703--703
[]|\OT1/lmss/m/n/9 WAR| 
 []


Overfull \hbox (1.15266pt too wide) in paragraph at lines 703--703
[]|\OT1/lmss/m/n/9 0.365| 
 []


Overfull \hbox (1.15266pt too wide) in paragraph at lines 703--703
[]|\OT1/lmss/m/n/9 0.093| 
 []


Overfull \hbox (1.15266pt too wide) in paragraph at lines 703--703
[]|\OT1/lmss/m/n/9 0.055| 
 []


Overfull \hbox (1.15266pt too wide) in paragraph at lines 703--703
[]|\OT1/lmss/m/n/9 0.224| 
 []


Overfull \hbox (1.15266pt too wide) in paragraph at lines 703--703
[]|\OT1/lmss/m/n/9 0.263| 
 []


Overfull \hbox (1.15266pt too wide) in paragraph at lines 703--703
[]|\OT1/lmss/m/n/9 1.000| 
 []


Overfull \hbox (1.15266pt too wide) in paragraph at lines 703--703
[]|\OT1/lmss/m/n/9 0.365| 
 []


Overfull \hbox (1.15266pt too wide) in paragraph at lines 703--703
[]|\OT1/lmss/m/n/9 0.093| 
 []


Overfull \hbox (1.15266pt too wide) in paragraph at lines 703--703
[]|\OT1/lmss/m/n/9 0.000| 
 []


Overfull \hbox (1.15266pt too wide) in paragraph at lines 703--703
[]|\OT1/lmss/m/n/9 0.224| 
 []


Overfull \hbox (1.15266pt too wide) in paragraph at lines 703--703
[]|\OT1/lmss/m/n/9 0.263| 
 []


Overfull \hbox (1.15266pt too wide) in paragraph at lines 703--703
[]|\OT1/lmss/m/n/9 0.945| 
 []


Underfull \hbox (badness 6284) in paragraph at lines 703--703
[]|\OT1/lmss/m/n/9 Tommy is eat-ing
 []


Overfull \hbox (1.15266pt too wide) in paragraph at lines 703--703
[]|\OT1/lmss/m/n/9 0.365| 
 []


Overfull \hbox (1.15266pt too wide) in paragraph at lines 703--703
[]|\OT1/lmss/m/n/9 0.093| 
 []


Overfull \hbox (1.15266pt too wide) in paragraph at lines 703--703
[]|\OT1/lmss/m/n/9 0.055| 
 []


Overfull \hbox (1.15266pt too wide) in paragraph at lines 703--703
[]|\OT1/lmss/m/n/9 0.224| 
 []


Overfull \hbox (1.15266pt too wide) in paragraph at lines 703--703
[]|\OT1/lmss/m/n/9 0.000| 
 []


Overfull \hbox (1.15266pt too wide) in paragraph at lines 703--703
[]|\OT1/lmss/m/n/9 0.737| 
 []


Overfull \hbox (1.15266pt too wide) in paragraph at lines 703--703
[]|\OT1/lmss/m/n/9 0.000| 
 []


Overfull \hbox (1.15266pt too wide) in paragraph at lines 703--703
[]|\OT1/lmss/m/n/9 0.093| 
 []


Overfull \hbox (1.15266pt too wide) in paragraph at lines 703--703
[]|\OT1/lmss/m/n/9 0.055| 
 []


Overfull \hbox (1.15266pt too wide) in paragraph at lines 703--703
[]|\OT1/lmss/m/n/9 0.000| 
 []


Overfull \hbox (1.15266pt too wide) in paragraph at lines 703--703
[]|\OT1/lmss/m/n/9 0.000| 
 []


Overfull \hbox (1.15266pt too wide) in paragraph at lines 703--703
[]|\OT1/lmss/m/n/9 0.513| 
 []


Overfull \hbox (1.15266pt too wide) in paragraph at lines 703--703
[]|\OT1/lmss/m/n/9 0.000| 
 []


Overfull \hbox (1.15266pt too wide) in paragraph at lines 703--703
[]|\OT1/lmss/m/n/9 0.000| 
 []


Overfull \hbox (1.15266pt too wide) in paragraph at lines 703--703
[]|\OT1/lmss/m/n/9 0.055| 
 []


Overfull \hbox (1.15266pt too wide) in paragraph at lines 703--703
[]|\OT1/lmss/m/n/9 0.000| 
 []


Overfull \hbox (1.15266pt too wide) in paragraph at lines 703--703
[]|\OT1/lmss/m/n/9 0.000| 
 []


Overfull \hbox (1.15266pt too wide) in paragraph at lines 703--703
[]|\OT1/lmss/m/n/9 0.055| 
 []


Overfull \hbox (8.10527pt too wide) in paragraph at lines 703--703
 [] 
 []

[68

] [69

] [70

] [71

] [72

] [73

] [74

] [75

] [76

] [77

] [78

] [79

] [80

] [81

] [82

]
Overfull \vbox (9.87119pt too high) detected at line 875
 []

[83

]
Overfull \vbox (9.87119pt too high) detected at line 875
 []

[84

]
Overfull \vbox (9.87119pt too high) detected at line 875
 []

[85

]
Overfull \vbox (9.87119pt too high) detected at line 875
 []

[86

]
Overfull \vbox (9.87119pt too high) detected at line 875
 []

[87

]
LaTeX Font Info:    Font shape `OT1/lmss/bx/it' in size <10> not available
(Font)              Font shape `OT1/lmss/bx/sl' tried instead on input line 940
.

Overfull \hbox (16.10736pt too wide) in paragraph at lines 940--940
 [] 
 []


LaTeX Font Warning: Font shape `OT1/lmss/m/sc' in size <14.4> not available
(Font)              Font shape `OT1/lmr/m/sc' tried instead on input line 940.

[88

]
Overfull \hbox (21.37354pt too wide) in paragraph at lines 977--977
 [] 
 []

[89

] [90

] [91

] [92

] [93

] [94

] [95

] [96

] [97

] [98

] [99

] [100

] [101

] [102

]
[103

] [104

] [105

] [106

] [107

] [108

] [109

] [110

] [111

] [112

] [113

] [114

]
[115

] [116

] [117

] [118

] [119

] [120

] [121

] [122

] [123

] [124

] [125

] [126

]
[127

] [128

] [129

] [130

] [131

] [132

] [133

] [134

] [135

] [136

] [137

] [138

]
[139

] [140

] [141

] [142

] [143

] [144

] [145

] [146

] (./LK-defense-draft.bbl

Package natbib Warning: Empty `thebibliography' environment on input line 4.

)pdfTeX warning (ext4): destination with the same identifier (name{fig:prep-dep
endency}) has been already used, duplicate ignored
<to be read again> 
                   \relax 
l.1273 \end{frame}
                  
Underfull \vbox (badness 10000) has occurred while \output is active []

 [147

]
[148] [149

] [150

] [151

] [152

] [153

] [154

] [155

] [156

] [157

]
<figures/exampleprompt.jpg, id=4039, 578.16pt x 652.4375pt>
File: figures/exampleprompt.jpg Graphic file (type jpg)

<use figures/exampleprompt.jpg>
Package pdftex.def Info: figures/exampleprompt.jpg used on input line 1368.
(pdftex.def)             Requested size: 86.04079pt x 86.63844pt.

Overfull \vbox (3.23874pt too high) detected at line 1368
 []

[158

 <./figures/exampleprompt.jpg>]
File: figures/exampleprompt.jpg Graphic file (type jpg)
 <use figures/exampleprompt.jpg>
Package pdftex.def Info: figures/exampleprompt.jpg used on input line 1368.
(pdftex.def)             Requested size: 86.04079pt x 86.63844pt.

Overfull \vbox (3.23874pt too high) detected at line 1368
 []

[159

]
File: figures/exampleprompt.jpg Graphic file (type jpg)
 <use figures/exampleprompt.jpg>
Package pdftex.def Info: figures/exampleprompt.jpg used on input line 1368.
(pdftex.def)             Requested size: 86.04079pt x 86.63844pt.

Overfull \vbox (3.23874pt too high) detected at line 1368
 []

[160

]
File: figures/exampleprompt.jpg Graphic file (type jpg)
 <use figures/exampleprompt.jpg>
Package pdftex.def Info: figures/exampleprompt.jpg used on input line 1368.
(pdftex.def)             Requested size: 86.04079pt x 86.63844pt.

Overfull \vbox (3.23874pt too high) detected at line 1368
 []

[161

]
File: figures/exampleprompt.jpg Graphic file (type jpg)
 <use figures/exampleprompt.jpg>
Package pdftex.def Info: figures/exampleprompt.jpg used on input line 1368.
(pdftex.def)             Requested size: 86.04079pt x 86.63844pt.

Overfull \vbox (3.23874pt too high) detected at line 1368
 []

[162

] [163

] [164

] [165

] [166

] [167

] [168

] [169

] [170

] [171

] [172

] [173

]
[174

] [175

] [176

] [177

] [178

] [179

] [180

] [181

] [182

] [183

] [184

] [185

]
[186

] [187

] [188

] [189

] [190

]
Overfull \hbox (19.11778pt too wide) in paragraph at lines 1490--1490
 [] 
 []

[191

]
Overfull \hbox (19.11778pt too wide) in paragraph at lines 1490--1490
 [] 
 []

[192

] [193

] [194

] [195

] [196

] [197

] [198

] [199

] [200

] [201

]
Overfull \hbox (7.4648pt too wide) in paragraph at lines 1645--1645
 [] 
 []

[202

]
Overfull \hbox (7.4648pt too wide) in paragraph at lines 1645--1645
 [] 
 []

[203

]
Overfull \hbox (8.44812pt too wide) in paragraph at lines 1645--1645
 [] 
 []

[204

]
Overfull \hbox (8.44812pt too wide) in paragraph at lines 1645--1645
 [] 
 []

[205

]
Overfull \hbox (8.44812pt too wide) in paragraph at lines 1645--1645
 [] 
 []

[206

]
Overfull \hbox (8.44812pt too wide) in paragraph at lines 1645--1645
 [] 
 []

[207

]
\tf@nav=\write6
\openout6 = `LK-defense-draft.nav'.

\tf@toc=\write7
\openout7 = `LK-defense-draft.toc'.

\tf@snm=\write8
\openout8 = `LK-defense-draft.snm'.

Package atveryend Info: Empty hook `BeforeClearDocument' on input line 1648.
Package atveryend Info: Empty hook `AfterLastShipout' on input line 1648.
 (./LK-defense-draft.aux)
Package atveryend Info: Executing hook `AtVeryEndDocument' on input line 1648.
Package atveryend Info: Executing hook `AtEndAfterFileList' on input line 1648.

Package rerunfilecheck Info: File `LK-defense-draft.out' has not changed.
(rerunfilecheck)             Checksum: D41D8CD98F00B204E9800998ECF8427E;0.


LaTeX Warning: There were multiply-defined labels.

Package atveryend Info: Empty hook `AtVeryVeryEnd' on input line 1648.
 ) 
Here is how much of TeX's memory you used:
 22726 strings out of 493089
 460061 string characters out of 6134842
 572589 words of memory out of 5000000
 25207 multiletter control sequences out of 15000+600000
 78813 words of font info for 73 fonts, out of 8000000 for 9000
 1141 hyphenation exceptions out of 8191
 58i,15n,92p,764b,1246s stack positions out of 5000i,500n,10000p,200000b,80000s
{/usr/local/texlive/2015/texmf-dist/fonts/enc/dvips/lm/lm-mathsy.enc}{/usr/lo
cal/texlive/2015/texmf-dist/fonts/enc/dvips/lm/lm-rm.enc}{/usr/local/texlive/20
15/texmf-dist/fonts/enc/dvips/lm/lm-rmtt.enc}{/usr/local/texlive/2015/texmf-dis
t/fonts/enc/dvips/lm/lm-mathit.enc}{/usr/local/texlive/2015/texmf-dist/fonts/en
c/dvips/lm/lm-rmsc.enc}</usr/local/texlive/2015/texmf-dist/fonts/type1/public/l
m/lmcsc10.pfb></usr/local/texlive/2015/texmf-dist/fonts/type1/public/lm/lmmi10.
pfb></usr/local/texlive/2015/texmf-dist/fonts/type1/public/lm/lmss10.pfb></usr/
local/texlive/2015/texmf-dist/fonts/type1/public/lm/lmss12.pfb></usr/local/texl
ive/2015/texmf-dist/fonts/type1/public/lm/lmss8.pfb></usr/local/texlive/2015/te
xmf-dist/fonts/type1/public/lm/lmss9.pfb></usr/local/texlive/2015/texmf-dist/fo
nts/type1/public/lm/lmssbo10.pfb></usr/local/texlive/2015/texmf-dist/fonts/type
1/public/lm/lmssbx10.pfb></usr/local/texlive/2015/texmf-dist/fonts/type1/public
/lm/lmsso10.pfb></usr/local/texlive/2015/texmf-dist/fonts/type1/public/lm/lmsso
8.pfb></usr/local/texlive/2015/texmf-dist/fonts/type1/public/lm/lmsso9.pfb></us
r/local/texlive/2015/texmf-dist/fonts/type1/public/lm/lmsy10.pfb></usr/local/te
xlive/2015/texmf-dist/fonts/type1/public/lm/lmsy6.pfb></usr/local/texlive/2015/
texmf-dist/fonts/type1/public/lm/lmsy9.pfb></usr/local/texlive/2015/texmf-dist/
fonts/type1/public/lm/lmtt10.pfb></usr/local/texlive/2015/texmf-dist/fonts/type
1/public/lm/lmtt12.pfb></usr/local/texlive/2015/texmf-dist/fonts/type1/public/a
msfonts/symbols/msam10.pfb></usr/local/texlive/2015/texmf-dist/fonts/type1/publ
ic/amsfonts/symbols/msam7.pfb>
Output written on LK-defense-draft.pdf (207 pages, 1550388 bytes).
PDF statistics:
 5479 PDF objects out of 6186 (max. 8388607)
 5177 compressed objects within 52 object streams
 421 named destinations out of 1000 (max. 500000)
 137 words of extra memory for PDF output out of 10000 (max. 10000000)

