\BOOKMARK [1][-]{section.1}{Task Background}{}% 1
\BOOKMARK [2][-]{subsection.1.1}{Overview}{section.1}% 2
\BOOKMARK [2][-]{subsection.1.2}{Participants}{section.1}% 3
\BOOKMARK [3][-]{subsubsection.1.2.1}{Non-native speakers}{subsection.1.2}% 4
\BOOKMARK [3][-]{subsubsection.1.2.2}{Native speakers}{subsection.1.2}% 5
\BOOKMARK [4][-]{paragraph.1.2.2.1}{Familiar NSs}{subsubsection.1.2.2}% 6
\BOOKMARK [4][-]{paragraph.1.2.2.2}{Crowd-sourced NSs}{subsubsection.1.2.2}% 7
\BOOKMARK [2][-]{subsection.1.3}{Instructions}{section.1}% 8
\BOOKMARK [2][-]{subsection.1.4}{Item Examples \(Targeted and Untargeted\)}{section.1}% 9
\BOOKMARK [1][-]{section.2}{Annotating Features}{}% 10
\BOOKMARK [2][-]{subsection.2.1}{Core event}{section.2}% 11
\BOOKMARK [3][-]{subsubsection.2.1.1}{Contextuality of core event}{subsection.2.1}% 12
\BOOKMARK [3][-]{subsubsection.2.1.2}{Defining core event}{subsection.2.1}% 13
\BOOKMARK [4][-]{paragraph.2.1.2.1}{Subjects}{subsubsection.2.1.2}% 14
\BOOKMARK [4][-]{paragraph.2.1.2.2}{Verb forms}{subsubsection.2.1.2}% 15
\BOOKMARK [4][-]{paragraph.2.1.2.3}{Content}{subsubsection.2.1.2}% 16
\BOOKMARK [3][-]{subsubsection.2.1.3}{Alternative interpretations \046 inaccurate information}{subsection.2.1}% 17
\BOOKMARK [3][-]{subsubsection.2.1.4}{Language problems}{subsection.2.1}% 18
\BOOKMARK [3][-]{subsubsection.2.1.5}{Imprecise language}{subsection.2.1}% 19
\BOOKMARK [3][-]{subsubsection.2.1.6}{Slang}{subsection.2.1}% 20
\BOOKMARK [3][-]{subsubsection.2.1.7}{Intransitive vs. transitive core events}{subsection.2.1}% 21
\BOOKMARK [4][-]{paragraph.2.1.7.1}{Intransitive core events}{subsubsection.2.1.7}% 22
\BOOKMARK [4][-]{paragraph.2.1.7.2}{Transitive core events}{subsubsection.2.1.7}% 23
\BOOKMARK [3][-]{subsubsection.2.1.8}{Pronouns}{subsection.2.1}% 24
\BOOKMARK [3][-]{subsubsection.2.1.9}{Targeted items and passive responses}{subsection.2.1}% 25
\BOOKMARK [3][-]{subsubsection.2.1.10}{Untargeted item leniency}{subsection.2.1}% 26
\BOOKMARK [2][-]{subsection.2.2}{Verifiability}{section.2}% 27
\BOOKMARK [3][-]{subsubsection.2.2.1}{Contextuality of verifiability}{subsection.2.2}% 28
\BOOKMARK [3][-]{subsubsection.2.2.2}{Reasonable inferences}{subsection.2.2}% 29
\BOOKMARK [3][-]{subsubsection.2.2.3}{Subject and object variation}{subsection.2.2}% 30
\BOOKMARK [3][-]{subsubsection.2.2.4}{Language problems}{subsection.2.2}% 31
\BOOKMARK [3][-]{subsubsection.2.2.5}{Incomplete responses}{subsection.2.2}% 32
\BOOKMARK [3][-]{subsubsection.2.2.6}{Alternative interpretations}{subsection.2.2}% 33
\BOOKMARK [3][-]{subsubsection.2.2.7}{Responses in the form of a question}{subsection.2.2}% 34
\BOOKMARK [3][-]{subsubsection.2.2.8}{Modality}{subsection.2.2}% 35
\BOOKMARK [3][-]{subsubsection.2.2.9}{Unverifiable inferences}{subsection.2.2}% 36
\BOOKMARK [4][-]{paragraph.2.2.9.1}{Participant opinions}{subsubsection.2.2.9}% 37
\BOOKMARK [3][-]{subsubsection.2.2.10}{Irrelevant information}{subsection.2.2}% 38
\BOOKMARK [2][-]{subsection.2.3}{Answerhood}{section.2}% 39
\BOOKMARK [3][-]{subsubsection.2.3.1}{Contextuality of answerhood}{subsection.2.3}% 40
\BOOKMARK [3][-]{subsubsection.2.3.2}{Defining answerhood}{subsection.2.3}% 41
\BOOKMARK [3][-]{subsubsection.2.3.3}{Accuracy}{subsection.2.3}% 42
\BOOKMARK [3][-]{subsubsection.2.3.4}{Targeted vs. untargeted items}{subsection.2.3}% 43
\BOOKMARK [3][-]{subsubsection.2.3.5}{Verb forms}{subsection.2.3}% 44
\BOOKMARK [4][-]{paragraph.2.3.5.1}{Progressive verbs}{subsubsection.2.3.5}% 45
\BOOKMARK [3][-]{subsubsection.2.3.6}{Events and activities}{subsection.2.3}% 46
\BOOKMARK [3][-]{subsubsection.2.3.7}{Imminent actions}{subsection.2.3}% 47
\BOOKMARK [4][-]{paragraph.2.3.7.1}{Targeted subject variations and pronouns}{subsubsection.2.3.7}% 48
\BOOKMARK [4][-]{paragraph.2.3.7.2}{Misspellings}{subsubsection.2.3.7}% 49
\BOOKMARK [2][-]{subsection.2.4}{Interpretability}{section.2}% 50
\BOOKMARK [3][-]{subsubsection.2.4.1}{Semi-contextuality of interpretability}{subsection.2.4}% 51
\BOOKMARK [3][-]{subsubsection.2.4.2}{Defining interpretability}{subsection.2.4}% 52
\BOOKMARK [4][-]{paragraph.2.4.2.1}{Verb arguments}{subsubsection.2.4.2}% 53
\BOOKMARK [4][-]{paragraph.2.4.2.2}{Content and composition}{subsubsection.2.4.2}% 54
\BOOKMARK [3][-]{subsubsection.2.4.3}{Common interpretability concerns}{subsection.2.4}% 55
\BOOKMARK [4][-]{paragraph.2.4.3.1}{Grammar and spelling}{subsubsection.2.4.3}% 56
\BOOKMARK [4][-]{paragraph.2.4.3.2}{Incomplete sentences}{subsubsection.2.4.3}% 57
\BOOKMARK [4][-]{paragraph.2.4.3.3}{States and actions}{subsubsection.2.4.3}% 58
\BOOKMARK [4][-]{paragraph.2.4.3.4}{Questions and modals}{subsubsection.2.4.3}% 59
\BOOKMARK [4][-]{paragraph.2.4.3.5}{First and second person}{subsubsection.2.4.3}% 60
\BOOKMARK [4][-]{paragraph.2.4.3.6}{Slang}{subsubsection.2.4.3}% 61
\BOOKMARK [4][-]{paragraph.2.4.3.7}{Impossible or unknowable information}{subsubsection.2.4.3}% 62
\BOOKMARK [2][-]{subsection.2.5}{Grammaticality}{section.2}% 63
\BOOKMARK [3][-]{subsubsection.2.5.1}{Non-contextuality of grammaticality}{subsection.2.5}% 64
\BOOKMARK [3][-]{subsubsection.2.5.2}{Defining grammaticality}{subsection.2.5}% 65
\BOOKMARK [3][-]{subsubsection.2.5.3}{Incomplete sentences}{subsection.2.5}% 66
\BOOKMARK [3][-]{subsubsection.2.5.4}{Punctuation and capitalization}{subsection.2.5}% 67
\BOOKMARK [3][-]{subsubsection.2.5.5}{Common grammaticality concerns}{subsection.2.5}% 68
\BOOKMARK [4][-]{paragraph.2.5.5.1}{Events and activities}{subsubsection.2.5.5}% 69
\BOOKMARK [4][-]{paragraph.2.5.5.2}{Non-propositional responses}{subsubsection.2.5.5}% 70
\BOOKMARK [4][-]{paragraph.2.5.5.3}{Bare nouns}{subsubsection.2.5.5}% 71
\BOOKMARK [4][-]{paragraph.2.5.5.4}{Missing be verbs}{subsubsection.2.5.5}% 72
\BOOKMARK [4][-]{paragraph.2.5.5.5}{Misspellings}{subsubsection.2.5.5}% 73
\BOOKMARK [2][-]{subsection.2.6}{Example items}{section.2}% 74
